2021-06-16 13:32:13.635 <?xml version="1.0" encoding="UTF-8" standalone="yes"?>
<ixn:interactionDto xmlns:com="http://isis.apache.org/schema/common" xmlns:cmd="http://isis.apache.org/schema/cmd" xmlns:ixn="http://isis.apache.org/schema/ixn">
    <ixn:majorVersion>1</ixn:majorVersion>
    <ixn:minorVersion>0</ixn:minorVersion>
    <ixn:transactionId>6780e24d-b7a7-4a71-a4b8-bd8cf05efa96</ixn:transactionId>
    <ixn:execution xsi:type="ixn:actionInvocationDto" interactionType="action_invocation" xmlns:xsi="http://www.w3.org/2001/XMLSchema-instance">
        <ixn:sequence>0</ixn:sequence>
        <ixn:target type="homepage.HomePageService" id="1"/>
        <ixn:logicalMemberIdentifier>homepage.HomePageService#homePage()</ixn:logicalMemberIdentifier>
        <ixn:memberIdentifier>domainapp.application.services.homepage.HomePageService#homePage()</ixn:memberIdentifier>
        <ixn:user>sven</ixn:user>
        <ixn:title>homepage.HomePageService:1: homePage()</ixn:title>
        <ixn:metrics>
            <ixn:timings>
                <com:startedAt>2021-06-16T13:32:13.540-03:00</com:startedAt>
                <com:completedAt>2021-06-16T13:32:13.584-03:00</com:completedAt>
            </ixn:timings>
            <ixn:objectCounts>
                <ixn:loaded before="0" after="0"/>
                <ixn:dirtied before="0" after="0"/>
            </ixn:objectCounts>
        </ixn:metrics>
        <ixn:parameters/>
        <ixn:returned type="reference" null="false">
            <com:reference objectState="viewModel" type="domainapp.application.services.homepage.HomePageViewModel" id="PD94bWwgdmVyc2lvbj0iMS4wIiBlbmNvZGluZz0iVVRGLTgiPz4KPG1lbWVudG8vPg=="/>
        </ixn:returned>
    </ixn:execution>
</ixn:interactionDto>

2021-06-16 13:32:24.923 <?xml version="1.0" encoding="UTF-8" standalone="yes"?>
<ixn:interactionDto xmlns:com="http://isis.apache.org/schema/common" xmlns:cmd="http://isis.apache.org/schema/cmd" xmlns:ixn="http://isis.apache.org/schema/ixn">
    <ixn:majorVersion>1</ixn:majorVersion>
    <ixn:minorVersion>0</ixn:minorVersion>
    <ixn:transactionId>c2950728-65df-40ee-a05f-ec8df7359fb4</ixn:transactionId>
    <ixn:execution xsi:type="ixn:actionInvocationDto" interactionType="action_invocation" xmlns:xsi="http://www.w3.org/2001/XMLSchema-instance">
        <ixn:sequence>0</ixn:sequence>
        <ixn:target type="simple.MantenimientoMenu" id="1"/>
        <ixn:logicalMemberIdentifier>simple.MantenimientoMenu#listAll()</ixn:logicalMemberIdentifier>
        <ixn:memberIdentifier>domainapp.modules.simple.dom.mantenimiento.MantenimientoRepositorio#listAll()</ixn:memberIdentifier>
        <ixn:user>sven</ixn:user>
        <ixn:title>simple.MantenimientoMenu:1: listAll()</ixn:title>
        <ixn:metrics>
            <ixn:timings>
                <com:startedAt>2021-06-16T13:32:24.891-03:00</com:startedAt>
                <com:completedAt>2021-06-16T13:32:24.919-03:00</com:completedAt>
            </ixn:timings>
            <ixn:objectCounts>
                <ixn:loaded before="0" after="2"/>
                <ixn:dirtied before="0" after="0"/>
            </ixn:objectCounts>
        </ixn:metrics>
        <ixn:parameters/>
        <ixn:returned type="collection" null="false">
            <com:collection type="reference">
                <com:value>
                    <com:reference type="simple.Mantenimiento" id="1"/>
                </com:value>
                <com:value>
                    <com:reference type="simple.Mantenimiento" id="4"/>
                </com:value>
            </com:collection>
        </ixn:returned>
    </ixn:execution>
</ixn:interactionDto>

2021-06-16 13:33:11.702 <?xml version="1.0" encoding="UTF-8" standalone="yes"?>
<ixn:interactionDto xmlns:com="http://isis.apache.org/schema/common" xmlns:cmd="http://isis.apache.org/schema/cmd" xmlns:ixn="http://isis.apache.org/schema/ixn">
    <ixn:majorVersion>1</ixn:majorVersion>
    <ixn:minorVersion>0</ixn:minorVersion>
    <ixn:transactionId>ae5460f0-8adf-44a8-8ad2-15480e6b9699</ixn:transactionId>
    <ixn:execution xsi:type="ixn:actionInvocationDto" interactionType="action_invocation" xmlns:xsi="http://www.w3.org/2001/XMLSchema-instance">
        <ixn:sequence>0</ixn:sequence>
        <ixn:target type="simple.MantenimientoMenu" id="1"/>
        <ixn:logicalMemberIdentifier>simple.MantenimientoMenu#create()</ixn:logicalMemberIdentifier>
        <ixn:memberIdentifier>domainapp.modules.simple.dom.mantenimiento.MantenimientoRepositorio#create()</ixn:memberIdentifier>
        <ixn:user>sven</ixn:user>
        <ixn:title>simple.MantenimientoMenu:1: create()</ixn:title>
        <ixn:metrics>
            <ixn:timings>
                <com:startedAt>2021-06-16T13:33:11.678-03:00</com:startedAt>
                <com:completedAt>2021-06-16T13:33:11.680-03:00</com:completedAt>
            </ixn:timings>
            <ixn:objectCounts>
                <ixn:loaded before="0" after="0"/>
                <ixn:dirtied before="0" after="0"/>
            </ixn:objectCounts>
        </ixn:metrics>
        <ixn:parameters>
            <cmd:parameter name="TipoMantenimiento" type="enum" null="false">
                <com:enum>
                    <com:enumType>domainapp.modules.simple.dom.mantenimiento.ETipoMantenimiento</com:enumType>
                    <com:enumName>motor</com:enumName>
                </com:enum>
            </cmd:parameter>
            <cmd:parameter name="Horas" type="int" null="false">
                <com:int>1000</com:int>
            </cmd:parameter>
        </ixn:parameters>
        <ixn:returned type="reference" null="false">
            <com:reference objectState="transient" type="simple.Mantenimiento" id="56d9f68e-a07b-40fa-99b3-80cb25e63ff0"/>
        </ixn:returned>
    </ixn:execution>
</ixn:interactionDto>

2021-06-16 13:33:11.721 <?xml version="1.0" encoding="UTF-8" standalone="yes"?>
<chg:changesDto xmlns:com="http://isis.apache.org/schema/common" xmlns:chg="http://isis.apache.org/schema/chg">
    <chg:majorVersion>1</chg:majorVersion>
    <chg:minorVersion>0</chg:minorVersion>
    <chg:transactionId>ae5460f0-8adf-44a8-8ad2-15480e6b9699</chg:transactionId>
    <chg:sequence>3</chg:sequence>
    <chg:completedAt>2021-06-16T13:33:11.719-03:00</chg:completedAt>
    <chg:user>sven</chg:user>
    <chg:objects>
        <chg:loaded>0</chg:loaded>
        <chg:created>
            <com:oid type="simple.Mantenimiento" id="5"/>
        </chg:created>
        <chg:updated/>
        <chg:deleted/>
        <chg:propertiesModified>3</chg:propertiesModified>
    </chg:objects>
</chg:changesDto>

