2021-05-24 11:55:40.159 START: workQueue.size: 0, waited for: 0ms, SpecificationLoader#init()
2021-05-24 11:55:40.159 START: workQueue.size: 0, waited for: 0ms, CommandDtoUtils.init()
2021-05-24 11:55:40.159 START: workQueue.size: 0, waited for: 0ms, ChangesDtoUtils.init()
2021-05-24 11:55:40.159 START: workQueue.size: 0, waited for: 0ms, InteractionDtoUtils.init()
2021-05-24 11:55:40.159 START: workQueue.size: 0, waited for: 0ms, persistenceSessionFactory#init(...)
2021-05-24 11:55:40.300 START: workQueue.size: 0, waited for: 0ms, org.apache.isis.core.metamodel.specloader.SpecificationLoader: #introspectUpTo( TYPE_INTROSPECTED )
2021-05-24 11:55:40.300 START: workQueue.size: 0, waited for: 0ms, org.apache.isis.core.runtime.system.persistence.PersistenceSessionFactory: #introspectUpTo( TYPE_INTROSPECTED )
2021-05-24 11:55:40.300 START: workQueue.size: 0, waited for: 0ms, org.apache.isis.core.runtime.system.session.IsisSessionFactory: #introspectUpTo( TYPE_INTROSPECTED )
2021-05-24 11:55:40.503 END: completed in: 203ms, org.apache.isis.core.metamodel.specloader.SpecificationLoader: #introspectUpTo( TYPE_INTROSPECTED )
2021-05-24 11:55:40.503 START: workQueue.size: 0, waited for: 203ms, org.apache.isis.core.runtime.authorization.standard.AuthorizationManagerStandard: #introspectUpTo( TYPE_INTROSPECTED )
2021-05-24 11:55:40.503 END: completed in: 203ms, org.apache.isis.core.runtime.system.session.IsisSessionFactory: #introspectUpTo( TYPE_INTROSPECTED )
2021-05-24 11:55:40.503 START: workQueue.size: 0, waited for: 203ms, org.apache.isis.core.runtime.authentication.standard.AuthenticationManagerStandard: #introspectUpTo( TYPE_INTROSPECTED )
2021-05-24 11:55:40.503 END: completed in: 203ms, org.apache.isis.core.runtime.system.persistence.PersistenceSessionFactory: #introspectUpTo( TYPE_INTROSPECTED )
2021-05-24 11:55:40.503 START: workQueue.size: 0, waited for: 203ms, org.apache.isis.core.commons.config.IsisConfigurationDefault: #introspectUpTo( TYPE_INTROSPECTED )
2021-05-24 11:55:40.519 END: completed in: 16ms, org.apache.isis.core.runtime.authorization.standard.AuthorizationManagerStandard: #introspectUpTo( TYPE_INTROSPECTED )
2021-05-24 11:55:40.519 START: workQueue.size: 0, waited for: 219ms, org.apache.isis.core.runtime.services.deplcat.DeploymentCategoryProviderDefault: #introspectUpTo( TYPE_INTROSPECTED )
2021-05-24 11:55:40.534 END: completed in: 31ms, org.apache.isis.core.commons.config.IsisConfigurationDefault: #introspectUpTo( TYPE_INTROSPECTED )
2021-05-24 11:55:40.534 START: workQueue.size: 0, waited for: 234ms, org.apache.isis.objectstore.jdo.datanucleus.service.eventbus.EventBusServiceJdo: #introspectUpTo( TYPE_INTROSPECTED )
2021-05-24 11:55:40.534 END: completed in: 31ms, org.apache.isis.core.runtime.authentication.standard.AuthenticationManagerStandard: #introspectUpTo( TYPE_INTROSPECTED )
2021-05-24 11:55:40.534 START: workQueue.size: 0, waited for: 234ms, org.apache.isis.applib.services.queryresultscache.QueryResultsCache$Control: #introspectUpTo( TYPE_INTROSPECTED )
2021-05-24 11:55:40.550 END: completed in: 31ms, org.apache.isis.core.runtime.services.deplcat.DeploymentCategoryProviderDefault: #introspectUpTo( TYPE_INTROSPECTED )
2021-05-24 11:55:40.550 START: workQueue.size: 0, waited for: 250ms, domainapp.modules.simple.dom.planta.PlantaRepositorio: #introspectUpTo( TYPE_INTROSPECTED )
2021-05-24 11:55:40.566 END: completed in: 32ms, org.apache.isis.applib.services.queryresultscache.QueryResultsCache$Control: #introspectUpTo( TYPE_INTROSPECTED )
2021-05-24 11:55:40.566 START: workQueue.size: 0, waited for: 266ms, domainapp.modules.simple.dom.equipo.EquipoRepositorio: #introspectUpTo( TYPE_INTROSPECTED )
2021-05-24 11:55:40.566 END: completed in: 32ms, org.apache.isis.objectstore.jdo.datanucleus.service.eventbus.EventBusServiceJdo: #introspectUpTo( TYPE_INTROSPECTED )
2021-05-24 11:55:40.566 START: workQueue.size: 0, waited for: 266ms, domainapp.modules.simple.dom.impl.SimpleObjects: #introspectUpTo( TYPE_INTROSPECTED )
2021-05-24 11:55:40.597 END: completed in: 47ms, domainapp.modules.simple.dom.planta.PlantaRepositorio: #introspectUpTo( TYPE_INTROSPECTED )
2021-05-24 11:55:40.597 END: completed in: 31ms, domainapp.modules.simple.dom.equipo.EquipoRepositorio: #introspectUpTo( TYPE_INTROSPECTED )
2021-05-24 11:55:40.597 END: completed in: 31ms, domainapp.modules.simple.dom.impl.SimpleObjects: #introspectUpTo( TYPE_INTROSPECTED )
2021-05-24 11:55:40.597 START: workQueue.size: 0, waited for: 297ms, org.apache.isis.applib.services.layout.LayoutServiceMenu: #introspectUpTo( TYPE_INTROSPECTED )
2021-05-24 11:55:40.597 START: workQueue.size: 0, waited for: 297ms, org.apache.isis.applib.services.metamodel.MetaModelServicesMenu: #introspectUpTo( TYPE_INTROSPECTED )
2021-05-24 11:55:40.597 START: workQueue.size: 0, waited for: 297ms, org.apache.isis.applib.services.fixturespec.FixtureScriptsDefault: #introspectUpTo( TYPE_INTROSPECTED )
2021-05-24 11:55:40.613 END: completed in: 16ms, org.apache.isis.applib.services.metamodel.MetaModelServicesMenu: #introspectUpTo( TYPE_INTROSPECTED )
2021-05-24 11:55:40.613 START: workQueue.size: 0, waited for: 313ms, org.apache.isis.applib.services.swagger.SwaggerServiceMenu: #introspectUpTo( TYPE_INTROSPECTED )
2021-05-24 11:55:40.628 END: completed in: 31ms, org.apache.isis.applib.services.layout.LayoutServiceMenu: #introspectUpTo( TYPE_INTROSPECTED )
2021-05-24 11:55:40.628 START: workQueue.size: 0, waited for: 328ms, org.apache.isis.core.runtime.services.i18n.po.TranslationServicePoMenu: #introspectUpTo( TYPE_INTROSPECTED )
2021-05-24 11:55:40.628 END: completed in: 15ms, org.apache.isis.applib.services.swagger.SwaggerServiceMenu: #introspectUpTo( TYPE_INTROSPECTED )
2021-05-24 11:55:40.628 START: workQueue.size: 0, waited for: 328ms, org.apache.isis.applib.services.hsqldb.HsqlDbManagerMenu: #introspectUpTo( TYPE_INTROSPECTED )
2021-05-24 11:55:40.644 END: completed in: 16ms, org.apache.isis.core.runtime.services.i18n.po.TranslationServicePoMenu: #introspectUpTo( TYPE_INTROSPECTED )
2021-05-24 11:55:40.644 START: workQueue.size: 0, waited for: 344ms, org.apache.isis.applib.services.config.ConfigurationServiceMenu: #introspectUpTo( TYPE_INTROSPECTED )
2021-05-24 11:55:40.644 END: completed in: 16ms, org.apache.isis.applib.services.hsqldb.HsqlDbManagerMenu: #introspectUpTo( TYPE_INTROSPECTED )
2021-05-24 11:55:40.644 START: workQueue.size: 0, waited for: 344ms, org.apache.isis.applib.conmap.ContentMappingServiceForCommandDto$CopyOverFromCommand: #introspectUpTo( TYPE_INTROSPECTED )
2021-05-24 11:55:40.644 END: completed in: 0ms, org.apache.isis.applib.services.config.ConfigurationServiceMenu: #introspectUpTo( TYPE_INTROSPECTED )
2021-05-24 11:55:40.644 START: workQueue.size: 0, waited for: 344ms, domainapp.application.fixture.DomainAppFixtureScriptsSpecificationProvider: #introspectUpTo( TYPE_INTROSPECTED )
2021-05-24 11:55:40.644 END: completed in: 0ms, org.apache.isis.applib.conmap.ContentMappingServiceForCommandDto$CopyOverFromCommand: #introspectUpTo( TYPE_INTROSPECTED )
2021-05-24 11:55:40.644 START: workQueue.size: 0, waited for: 344ms, domainapp.application.services.health.HealthCheckServiceImpl: #introspectUpTo( TYPE_INTROSPECTED )
2021-05-24 11:55:40.644 END: completed in: 47ms, org.apache.isis.applib.services.fixturespec.FixtureScriptsDefault: #introspectUpTo( TYPE_INTROSPECTED )
2021-05-24 11:55:40.660 START: workQueue.size: 0, waited for: 360ms, domainapp.application.services.homepage.HomePageService: #introspectUpTo( TYPE_INTROSPECTED )
2021-05-24 11:55:40.660 END: completed in: 16ms, domainapp.application.fixture.DomainAppFixtureScriptsSpecificationProvider: #introspectUpTo( TYPE_INTROSPECTED )
2021-05-24 11:55:40.660 START: workQueue.size: 0, waited for: 360ms, org.apache.isis.applib.services.dto.DtoMappingHelper: #introspectUpTo( TYPE_INTROSPECTED )
2021-05-24 11:55:40.660 END: completed in: 16ms, domainapp.application.services.health.HealthCheckServiceImpl: #introspectUpTo( TYPE_INTROSPECTED )
2021-05-24 11:55:40.660 START: workQueue.size: 0, waited for: 360ms, org.apache.isis.core.runtime.services.background.CommandExecutorServiceDefault: #introspectUpTo( TYPE_INTROSPECTED )
2021-05-24 11:55:40.675 END: completed in: 15ms, domainapp.application.services.homepage.HomePageService: #introspectUpTo( TYPE_INTROSPECTED )
2021-05-24 11:55:40.675 START: workQueue.size: 0, waited for: 375ms, org.apache.isis.core.runtime.services.menubars.MenuBarsLoaderServiceDefault: #introspectUpTo( TYPE_INTROSPECTED )
2021-05-24 11:55:40.675 END: completed in: 15ms, org.apache.isis.applib.services.dto.DtoMappingHelper: #introspectUpTo( TYPE_INTROSPECTED )
2021-05-24 11:55:40.675 START: workQueue.size: 0, waited for: 375ms, org.apache.isis.core.runtime.services.menubars.bootstrap3.MenuBarsServiceBS3: #introspectUpTo( TYPE_INTROSPECTED )
2021-05-24 11:55:40.675 END: completed in: 15ms, org.apache.isis.core.runtime.services.background.CommandExecutorServiceDefault: #introspectUpTo( TYPE_INTROSPECTED )
2021-05-24 11:55:40.675 START: workQueue.size: 0, waited for: 375ms, org.apache.isis.core.runtime.services.userprof.UserProfileServiceDefault: #introspectUpTo( TYPE_INTROSPECTED )
2021-05-24 11:55:40.691 END: completed in: 16ms, org.apache.isis.core.runtime.services.menubars.MenuBarsLoaderServiceDefault: #introspectUpTo( TYPE_INTROSPECTED )
2021-05-24 11:55:40.691 START: workQueue.size: 0, waited for: 391ms, org.apache.isis.viewer.restfulobjects.rendering.service.conneg.ContentNegotiationServiceXRoDomainType: #introspectUpTo( TYPE_INTROSPECTED )
2021-05-24 11:55:40.691 END: completed in: 16ms, org.apache.isis.core.runtime.services.userprof.UserProfileServiceDefault: #introspectUpTo( TYPE_INTROSPECTED )
2021-05-24 11:55:40.691 START: workQueue.size: 0, waited for: 391ms, org.apache.isis.viewer.restfulobjects.rendering.service.conneg.ContentNegotiationServiceOrgApacheIsisV1: #introspectUpTo( TYPE_INTROSPECTED )
2021-05-24 11:55:40.691 END: completed in: 16ms, org.apache.isis.core.runtime.services.menubars.bootstrap3.MenuBarsServiceBS3: #introspectUpTo( TYPE_INTROSPECTED )
2021-05-24 11:55:40.691 START: workQueue.size: 0, waited for: 391ms, org.apache.isis.core.runtime.services.message.MessageServiceDefault: #introspectUpTo( TYPE_INTROSPECTED )
2021-05-24 11:55:40.691 END: completed in: 0ms, org.apache.isis.viewer.restfulobjects.rendering.service.conneg.ContentNegotiationServiceXRoDomainType: #introspectUpTo( TYPE_INTROSPECTED )
2021-05-24 11:55:40.691 START: workQueue.size: 0, waited for: 391ms, org.apache.isis.core.runtime.services.persistsession.PersistenceSessionServiceInternalDefault: #introspectUpTo( TYPE_INTROSPECTED )
2021-05-24 11:55:40.706 END: completed in: 15ms, org.apache.isis.core.runtime.services.message.MessageServiceDefault: #introspectUpTo( TYPE_INTROSPECTED )
2021-05-24 11:55:40.706 START: workQueue.size: 0, waited for: 406ms, org.apache.isis.applib.annotation.Bulk$InteractionContext: #introspectUpTo( TYPE_INTROSPECTED )
2021-05-24 11:55:40.706 END: completed in: 15ms, org.apache.isis.viewer.restfulobjects.rendering.service.conneg.ContentNegotiationServiceOrgApacheIsisV1: #introspectUpTo( TYPE_INTROSPECTED )
2021-05-24 11:55:40.706 START: workQueue.size: 0, waited for: 406ms, org.apache.isis.applib.conmap.ContentMappingServiceForCommandDto: #introspectUpTo( TYPE_INTROSPECTED )
2021-05-24 11:55:40.722 END: completed in: 31ms, org.apache.isis.core.runtime.services.persistsession.PersistenceSessionServiceInternalDefault: #introspectUpTo( TYPE_INTROSPECTED )
2021-05-24 11:55:40.722 START: workQueue.size: 0, waited for: 422ms, org.apache.isis.applib.conmap.ContentMappingServiceForCommandsDto: #introspectUpTo( TYPE_INTROSPECTED )
2021-05-24 11:55:40.722 END: completed in: 16ms, org.apache.isis.applib.conmap.ContentMappingServiceForCommandDto: #introspectUpTo( TYPE_INTROSPECTED )
2021-05-24 11:55:40.722 START: workQueue.size: 0, waited for: 422ms, org.apache.isis.applib.fixturescripts.ExecutionParametersService: #introspectUpTo( TYPE_INTROSPECTED )
2021-05-24 11:55:40.722 END: completed in: 16ms, org.apache.isis.applib.annotation.Bulk$InteractionContext: #introspectUpTo( TYPE_INTROSPECTED )
2021-05-24 11:55:40.722 START: workQueue.size: 0, waited for: 422ms, org.apache.isis.applib.services.actinvoc.ActionInvocationContext: #introspectUpTo( TYPE_INTROSPECTED )
2021-05-24 11:55:40.722 END: completed in: 0ms, org.apache.isis.applib.conmap.ContentMappingServiceForCommandsDto: #introspectUpTo( TYPE_INTROSPECTED )
2021-05-24 11:55:40.722 START: workQueue.size: 0, waited for: 422ms, org.apache.isis.applib.services.audit.AuditerServiceLogging: #introspectUpTo( TYPE_INTROSPECTED )
2021-05-24 11:55:40.722 END: completed in: 0ms, org.apache.isis.applib.fixturescripts.ExecutionParametersService: #introspectUpTo( TYPE_INTROSPECTED )
2021-05-24 11:55:40.738 START: workQueue.size: 0, waited for: 438ms, org.apache.isis.applib.services.classdiscovery.ClassDiscoveryServiceUsingReflections: #introspectUpTo( TYPE_INTROSPECTED )
2021-05-24 11:55:40.738 END: completed in: 16ms, org.apache.isis.applib.services.actinvoc.ActionInvocationContext: #introspectUpTo( TYPE_INTROSPECTED )
2021-05-24 11:55:40.738 START: workQueue.size: 0, waited for: 438ms, org.apache.isis.applib.services.clock.ClockService: #introspectUpTo( TYPE_INTROSPECTED )
2021-05-24 11:55:40.738 END: completed in: 16ms, org.apache.isis.applib.services.audit.AuditerServiceLogging: #introspectUpTo( TYPE_INTROSPECTED )
2021-05-24 11:55:40.738 START: workQueue.size: 0, waited for: 438ms, org.apache.isis.applib.services.command.CommandContext: #introspectUpTo( TYPE_INTROSPECTED )
2021-05-24 11:55:40.738 END: completed in: 0ms, org.apache.isis.applib.services.classdiscovery.ClassDiscoveryServiceUsingReflections: #introspectUpTo( TYPE_INTROSPECTED )
2021-05-24 11:55:40.738 START: workQueue.size: 0, waited for: 438ms, org.apache.isis.applib.services.iactn.InteractionContext: #introspectUpTo( TYPE_INTROSPECTED )
2021-05-24 11:55:40.738 END: completed in: 0ms, org.apache.isis.applib.services.command.CommandContext: #introspectUpTo( TYPE_INTROSPECTED )
2021-05-24 11:55:40.753 START: workQueue.size: 0, waited for: 453ms, org.apache.isis.applib.services.publish.PublisherServiceLogging: #introspectUpTo( TYPE_INTROSPECTED )
2021-05-24 11:55:40.753 END: completed in: 15ms, org.apache.isis.applib.services.clock.ClockService: #introspectUpTo( TYPE_INTROSPECTED )
2021-05-24 11:55:40.753 START: workQueue.size: 0, waited for: 453ms, org.apache.isis.applib.services.queryresultscache.QueryResultsCache: #introspectUpTo( TYPE_INTROSPECTED )
2021-05-24 11:55:40.753 END: completed in: 0ms, org.apache.isis.applib.services.publish.PublisherServiceLogging: #introspectUpTo( TYPE_INTROSPECTED )
2021-05-24 11:55:40.753 START: workQueue.size: 0, waited for: 453ms, org.apache.isis.applib.services.routing.RoutingServiceDefault: #introspectUpTo( TYPE_INTROSPECTED )
2021-05-24 11:55:40.753 END: completed in: 15ms, org.apache.isis.applib.services.iactn.InteractionContext: #introspectUpTo( TYPE_INTROSPECTED )
2021-05-24 11:55:40.753 START: workQueue.size: 0, waited for: 453ms, org.apache.isis.applib.services.scratchpad.Scratchpad: #introspectUpTo( TYPE_INTROSPECTED )
2021-05-24 11:55:40.769 END: completed in: 16ms, org.apache.isis.applib.services.routing.RoutingServiceDefault: #introspectUpTo( TYPE_INTROSPECTED )
2021-05-24 11:55:40.769 END: completed in: 16ms, org.apache.isis.applib.services.queryresultscache.QueryResultsCache: #introspectUpTo( TYPE_INTROSPECTED )
2021-05-24 11:55:40.769 START: workQueue.size: 0, waited for: 469ms, org.apache.isis.applib.services.tablecol.TableColumnOrderService$Default: #introspectUpTo( TYPE_INTROSPECTED )
2021-05-24 11:55:40.769 START: workQueue.size: 0, waited for: 469ms, org.apache.isis.applib.services.urlencoding.UrlEncodingServiceUsingBaseEncoding: #introspectUpTo( TYPE_INTROSPECTED )
2021-05-24 11:55:40.769 END: completed in: 16ms, org.apache.isis.applib.services.scratchpad.Scratchpad: #introspectUpTo( TYPE_INTROSPECTED )
2021-05-24 11:55:40.769 START: workQueue.size: 0, waited for: 469ms, org.apache.isis.core.metamodel.services.appfeat.ApplicationFeatureFactory: #introspectUpTo( TYPE_INTROSPECTED )
2021-05-24 11:55:40.785 END: completed in: 16ms, org.apache.isis.applib.services.tablecol.TableColumnOrderService$Default: #introspectUpTo( TYPE_INTROSPECTED )
2021-05-24 11:55:40.785 END: completed in: 16ms, org.apache.isis.applib.services.urlencoding.UrlEncodingServiceUsingBaseEncoding: #introspectUpTo( TYPE_INTROSPECTED )
2021-05-24 11:55:40.785 START: workQueue.size: 0, waited for: 485ms, org.apache.isis.core.metamodel.services.appfeat.ApplicationFeatureRepositoryDefault: #introspectUpTo( TYPE_INTROSPECTED )
2021-05-24 11:55:40.785 START: workQueue.size: 0, waited for: 485ms, org.apache.isis.core.metamodel.services.bookmarks.BookmarkServiceInternalDefault: #introspectUpTo( TYPE_INTROSPECTED )
2021-05-24 11:55:40.785 END: completed in: 16ms, org.apache.isis.core.metamodel.services.appfeat.ApplicationFeatureFactory: #introspectUpTo( TYPE_INTROSPECTED )
2021-05-24 11:55:40.785 START: workQueue.size: 0, waited for: 485ms, org.apache.isis.core.metamodel.services.config.ConfigurationServiceDefault: #introspectUpTo( TYPE_INTROSPECTED )
2021-05-24 11:55:40.785 END: completed in: 0ms, org.apache.isis.core.metamodel.services.bookmarks.BookmarkServiceInternalDefault: #introspectUpTo( TYPE_INTROSPECTED )
2021-05-24 11:55:40.785 START: workQueue.size: 0, waited for: 485ms, org.apache.isis.core.metamodel.services.container.DomainObjectContainerDefault: #introspectUpTo( TYPE_INTROSPECTED )
2021-05-24 11:55:40.785 END: completed in: 0ms, org.apache.isis.core.metamodel.services.appfeat.ApplicationFeatureRepositoryDefault: #introspectUpTo( TYPE_INTROSPECTED )
2021-05-24 11:55:40.785 START: workQueue.size: 0, waited for: 485ms, org.apache.isis.core.metamodel.services.factory.FactoryServiceInternalDefault: #introspectUpTo( TYPE_INTROSPECTED )
2021-05-24 11:55:40.785 END: completed in: 0ms, org.apache.isis.core.metamodel.services.config.ConfigurationServiceDefault: #introspectUpTo( TYPE_INTROSPECTED )
2021-05-24 11:55:40.800 END: completed in: 15ms, org.apache.isis.core.metamodel.services.factory.FactoryServiceInternalDefault: #introspectUpTo( TYPE_INTROSPECTED )
2021-05-24 11:55:40.800 START: workQueue.size: 0, waited for: 500ms, org.apache.isis.core.metamodel.services.grid.GridLoaderServiceDefault: #introspectUpTo( TYPE_INTROSPECTED )
2021-05-24 11:55:40.800 START: workQueue.size: 0, waited for: 500ms, org.apache.isis.core.metamodel.services.grid.GridServiceDefault: #introspectUpTo( TYPE_INTROSPECTED )
2021-05-24 11:55:40.800 END: completed in: 15ms, org.apache.isis.core.metamodel.services.container.DomainObjectContainerDefault: #introspectUpTo( TYPE_INTROSPECTED )
2021-05-24 11:55:40.800 START: workQueue.size: 0, waited for: 500ms, org.apache.isis.core.metamodel.services.grid.bootstrap3.GridSystemServiceBS3: #introspectUpTo( TYPE_INTROSPECTED )
2021-05-24 11:55:40.816 END: completed in: 16ms, org.apache.isis.core.metamodel.services.grid.GridLoaderServiceDefault: #introspectUpTo( TYPE_INTROSPECTED )
2021-05-24 11:55:40.816 START: workQueue.size: 0, waited for: 516ms, org.apache.isis.core.metamodel.services.layout.LayoutServiceDefault: #introspectUpTo( TYPE_INTROSPECTED )
2021-05-24 11:55:40.816 END: completed in: 657ms, ChangesDtoUtils.init()
2021-05-24 11:55:40.816 START: workQueue.size: 0, waited for: 516ms, org.apache.isis.core.metamodel.services.message.MessageServiceNoop: #introspectUpTo( TYPE_INTROSPECTED )
2021-05-24 11:55:40.816 END: completed in: 16ms, org.apache.isis.core.metamodel.services.grid.GridServiceDefault: #introspectUpTo( TYPE_INTROSPECTED )
2021-05-24 11:55:40.816 START: workQueue.size: 0, waited for: 516ms, org.apache.isis.core.metamodel.services.metamodel.MetaModelServiceDefault: #introspectUpTo( TYPE_INTROSPECTED )
2021-05-24 11:55:40.816 END: completed in: 0ms, org.apache.isis.core.metamodel.services.message.MessageServiceNoop: #introspectUpTo( TYPE_INTROSPECTED )
2021-05-24 11:55:40.816 START: workQueue.size: 0, waited for: 516ms, org.apache.isis.core.metamodel.services.persistsession.PersistenceSessionServiceInternalNoop: #introspectUpTo( TYPE_INTROSPECTED )
2021-05-24 11:55:40.816 END: completed in: 0ms, org.apache.isis.core.metamodel.services.layout.LayoutServiceDefault: #introspectUpTo( TYPE_INTROSPECTED )
2021-05-24 11:55:40.816 START: workQueue.size: 0, waited for: 516ms, org.apache.isis.core.metamodel.services.registry.ServiceRegistryDefault: #introspectUpTo( TYPE_INTROSPECTED )
2021-05-24 11:55:40.831 END: completed in: 15ms, org.apache.isis.core.metamodel.services.metamodel.MetaModelServiceDefault: #introspectUpTo( TYPE_INTROSPECTED )
2021-05-24 11:55:40.831 START: workQueue.size: 0, waited for: 531ms, org.apache.isis.core.metamodel.services.repository.RepositoryServiceInternalDefault: #introspectUpTo( TYPE_INTROSPECTED )
2021-05-24 11:55:40.831 END: completed in: 15ms, org.apache.isis.core.metamodel.services.registry.ServiceRegistryDefault: #introspectUpTo( TYPE_INTROSPECTED )
2021-05-24 11:55:40.831 START: workQueue.size: 0, waited for: 531ms, org.apache.isis.core.metamodel.services.swagger.SwaggerServiceDefault: #introspectUpTo( TYPE_INTROSPECTED )
2021-05-24 11:55:40.831 END: completed in: 15ms, org.apache.isis.core.metamodel.services.persistsession.PersistenceSessionServiceInternalNoop: #introspectUpTo( TYPE_INTROSPECTED )
2021-05-24 11:55:40.831 START: workQueue.size: 0, waited for: 531ms, org.apache.isis.core.metamodel.services.title.TitleServiceDefault: #introspectUpTo( TYPE_INTROSPECTED )
2021-05-24 11:55:40.831 END: completed in: 0ms, org.apache.isis.core.metamodel.services.title.TitleServiceDefault: #introspectUpTo( TYPE_INTROSPECTED )
2021-05-24 11:55:40.831 START: workQueue.size: 0, waited for: 531ms, org.apache.isis.core.metamodel.services.user.UserServiceDefault: #introspectUpTo( TYPE_INTROSPECTED )
2021-05-24 11:55:40.831 END: completed in: 0ms, org.apache.isis.core.metamodel.services.repository.RepositoryServiceInternalDefault: #introspectUpTo( TYPE_INTROSPECTED )
2021-05-24 11:55:40.831 START: workQueue.size: 0, waited for: 531ms, org.apache.isis.core.metamodel.services.user.UserServiceDefault$SudoServiceSpi: #introspectUpTo( TYPE_INTROSPECTED )
2021-05-24 11:55:40.847 END: completed in: 16ms, org.apache.isis.core.metamodel.services.swagger.SwaggerServiceDefault: #introspectUpTo( TYPE_INTROSPECTED )
2021-05-24 11:55:40.847 START: workQueue.size: 0, waited for: 547ms, org.apache.isis.core.metamodel.services.xactn.TransactionServiceDefault: #introspectUpTo( TYPE_INTROSPECTED )
2021-05-24 11:55:40.847 END: completed in: 16ms, org.apache.isis.core.metamodel.services.user.UserServiceDefault: #introspectUpTo( TYPE_INTROSPECTED )
2021-05-24 11:55:40.847 START: workQueue.size: 0, waited for: 547ms, org.apache.isis.core.runtime.services.auditing.AuditingServiceInternal: #introspectUpTo( TYPE_INTROSPECTED )
2021-05-24 11:55:40.847 END: completed in: 0ms, org.apache.isis.core.metamodel.services.xactn.TransactionServiceDefault: #introspectUpTo( TYPE_INTROSPECTED )
2021-05-24 11:55:40.847 END: completed in: 16ms, org.apache.isis.core.metamodel.services.user.UserServiceDefault$SudoServiceSpi: #introspectUpTo( TYPE_INTROSPECTED )
2021-05-24 11:55:40.847 START: workQueue.size: 0, waited for: 547ms, org.apache.isis.core.runtime.services.authsess.AuthenticationSessionProviderDefault: #introspectUpTo( TYPE_INTROSPECTED )
2021-05-24 11:55:40.847 START: workQueue.size: 0, waited for: 547ms, org.apache.isis.core.runtime.services.background.BackgroundServiceDefault: #introspectUpTo( TYPE_INTROSPECTED )
2021-05-24 11:55:40.847 END: completed in: 0ms, org.apache.isis.core.runtime.services.auditing.AuditingServiceInternal: #introspectUpTo( TYPE_INTROSPECTED )
2021-05-24 11:55:40.847 START: workQueue.size: 0, waited for: 547ms, org.apache.isis.core.runtime.services.changes.ChangedObjectsServiceInternal: #introspectUpTo( TYPE_INTROSPECTED )
2021-05-24 11:55:40.863 END: completed in: 16ms, org.apache.isis.core.runtime.services.background.BackgroundServiceDefault: #introspectUpTo( TYPE_INTROSPECTED )
2021-05-24 11:55:40.863 START: workQueue.size: 0, waited for: 563ms, org.apache.isis.core.runtime.services.command.CommandDtoServiceInternalDefault: #introspectUpTo( TYPE_INTROSPECTED )
2021-05-24 11:55:40.863 END: completed in: 16ms, org.apache.isis.core.runtime.services.authsess.AuthenticationSessionProviderDefault: #introspectUpTo( TYPE_INTROSPECTED )
2021-05-24 11:55:40.863 START: workQueue.size: 0, waited for: 563ms, org.apache.isis.core.runtime.services.command.CommandServiceDefault: #introspectUpTo( TYPE_INTROSPECTED )
2021-05-24 11:55:40.863 END: completed in: 63ms, org.apache.isis.core.metamodel.services.grid.bootstrap3.GridSystemServiceBS3: #introspectUpTo( TYPE_INTROSPECTED )
2021-05-24 11:55:40.863 START: workQueue.size: 0, waited for: 563ms, org.apache.isis.core.runtime.services.email.EmailServiceDefault: #introspectUpTo( TYPE_INTROSPECTED )
2021-05-24 11:55:40.863 END: completed in: 16ms, org.apache.isis.core.runtime.services.changes.ChangedObjectsServiceInternal: #introspectUpTo( TYPE_INTROSPECTED )
2021-05-24 11:55:40.863 END: completed in: 0ms, org.apache.isis.core.runtime.services.command.CommandDtoServiceInternalDefault: #introspectUpTo( TYPE_INTROSPECTED )
2021-05-24 11:55:40.863 START: workQueue.size: 0, waited for: 563ms, org.apache.isis.core.runtime.services.i18n.po.TranslationServicePo: #introspectUpTo( TYPE_INTROSPECTED )
2021-05-24 11:55:40.863 END: completed in: 0ms, org.apache.isis.core.runtime.services.command.CommandServiceDefault: #introspectUpTo( TYPE_INTROSPECTED )
2021-05-24 11:55:40.863 START: workQueue.size: 0, waited for: 563ms, org.apache.isis.core.runtime.services.ixn.InteractionDtoServiceInternalDefault: #introspectUpTo( TYPE_INTROSPECTED )
2021-05-24 11:55:40.863 START: workQueue.size: 0, waited for: 563ms, org.apache.isis.core.runtime.services.homepage.HomePageProviderServiceDefault: #introspectUpTo( TYPE_INTROSPECTED )
2021-05-24 11:55:40.878 END: completed in: 15ms, org.apache.isis.core.runtime.services.email.EmailServiceDefault: #introspectUpTo( TYPE_INTROSPECTED )
2021-05-24 11:55:40.878 START: workQueue.size: 0, waited for: 578ms, org.apache.isis.core.runtime.services.memento.MementoServiceDefault: #introspectUpTo( TYPE_INTROSPECTED )
2021-05-24 11:55:40.878 END: completed in: 15ms, org.apache.isis.core.runtime.services.i18n.po.TranslationServicePo: #introspectUpTo( TYPE_INTROSPECTED )
2021-05-24 11:55:40.878 START: workQueue.size: 0, waited for: 578ms, org.apache.isis.core.runtime.services.metrics.MetricsServiceDefault: #introspectUpTo( TYPE_INTROSPECTED )
2021-05-24 11:55:40.878 END: completed in: 15ms, org.apache.isis.core.runtime.services.ixn.InteractionDtoServiceInternalDefault: #introspectUpTo( TYPE_INTROSPECTED )
2021-05-24 11:55:40.878 END: completed in: 15ms, org.apache.isis.core.runtime.services.homepage.HomePageProviderServiceDefault: #introspectUpTo( TYPE_INTROSPECTED )
2021-05-24 11:55:40.878 START: workQueue.size: 0, waited for: 578ms, org.apache.isis.core.runtime.services.publish.PublishingServiceInternalDefault: #introspectUpTo( TYPE_INTROSPECTED )
2021-05-24 11:55:40.878 START: workQueue.size: 0, waited for: 578ms, org.apache.isis.core.runtime.services.sessmgmt.SessionManagementServiceDefault: #introspectUpTo( TYPE_INTROSPECTED )
2021-05-24 11:55:40.878 END: completed in: 0ms, org.apache.isis.core.runtime.services.metrics.MetricsServiceDefault: #introspectUpTo( TYPE_INTROSPECTED )
2021-05-24 11:55:40.878 END: completed in: 0ms, org.apache.isis.core.runtime.services.memento.MementoServiceDefault: #introspectUpTo( TYPE_INTROSPECTED )
2021-05-24 11:55:40.878 START: workQueue.size: 0, waited for: 578ms, org.apache.isis.core.runtime.services.sudo.SudoServiceDefault: #introspectUpTo( TYPE_INTROSPECTED )
2021-05-24 11:55:40.878 START: workQueue.size: 0, waited for: 578ms, org.apache.isis.core.runtime.services.userreg.EmailNotificationServiceDefault: #introspectUpTo( TYPE_INTROSPECTED )
2021-05-24 11:55:40.878 END: completed in: 0ms, org.apache.isis.core.runtime.services.sessmgmt.SessionManagementServiceDefault: #introspectUpTo( TYPE_INTROSPECTED )
2021-05-24 11:55:40.878 END: completed in: 0ms, org.apache.isis.core.runtime.services.publish.PublishingServiceInternalDefault: #introspectUpTo( TYPE_INTROSPECTED )
2021-05-24 11:55:40.878 START: workQueue.size: 0, waited for: 578ms, org.apache.isis.core.runtime.services.xmlsnapshot.XmlSnapshotServiceDefault: #introspectUpTo( TYPE_INTROSPECTED )
2021-05-24 11:55:40.878 START: workQueue.size: 0, waited for: 578ms, org.apache.isis.core.wrapper.WrapperFactoryDefault: #introspectUpTo( TYPE_INTROSPECTED )
2021-05-24 11:55:40.894 END: completed in: 16ms, org.apache.isis.core.runtime.services.userreg.EmailNotificationServiceDefault: #introspectUpTo( TYPE_INTROSPECTED )
2021-05-24 11:55:40.894 START: workQueue.size: 0, waited for: 594ms, org.apache.isis.objectstore.jdo.applib.service.exceprecog.ExceptionRecognizerCompositeForJdoObjectStore: #introspectUpTo( TYPE_INTROSPECTED )
2021-05-24 11:55:40.894 END: completed in: 16ms, org.apache.isis.core.runtime.services.sudo.SudoServiceDefault: #introspectUpTo( TYPE_INTROSPECTED )
2021-05-24 11:55:40.894 START: workQueue.size: 0, waited for: 594ms, org.apache.isis.objectstore.jdo.datanucleus.service.support.IsisJdoSupportImpl: #introspectUpTo( TYPE_INTROSPECTED )
2021-05-24 11:55:40.894 END: completed in: 16ms, org.apache.isis.core.runtime.services.xmlsnapshot.XmlSnapshotServiceDefault: #introspectUpTo( TYPE_INTROSPECTED )
2021-05-24 11:55:40.894 START: workQueue.size: 0, waited for: 594ms, org.apache.isis.objectstore.jdo.datanucleus.service.support.TimestampService: #introspectUpTo( TYPE_INTROSPECTED )
2021-05-24 11:55:40.894 END: completed in: 16ms, org.apache.isis.core.wrapper.WrapperFactoryDefault: #introspectUpTo( TYPE_INTROSPECTED )
2021-05-24 11:55:40.894 START: workQueue.size: 0, waited for: 594ms, org.apache.isis.schema.services.jaxb.JaxbServiceDefault: #introspectUpTo( TYPE_INTROSPECTED )
2021-05-24 11:55:40.894 END: completed in: 0ms, org.apache.isis.objectstore.jdo.applib.service.exceprecog.ExceptionRecognizerCompositeForJdoObjectStore: #introspectUpTo( TYPE_INTROSPECTED )
2021-05-24 11:55:40.894 END: completed in: 0ms, org.apache.isis.objectstore.jdo.datanucleus.service.support.TimestampService: #introspectUpTo( TYPE_INTROSPECTED )
2021-05-24 11:55:40.910 START: workQueue.size: 0, waited for: 610ms, org.apache.isis.viewer.restfulobjects.rendering.service.RepresentationServiceForRestfulObjects: #introspectUpTo( TYPE_INTROSPECTED )
2021-05-24 11:55:40.910 END: completed in: 16ms, org.apache.isis.objectstore.jdo.datanucleus.service.support.IsisJdoSupportImpl: #introspectUpTo( TYPE_INTROSPECTED )
2021-05-24 11:55:40.910 START: workQueue.size: 0, waited for: 610ms, org.apache.isis.viewer.restfulobjects.rendering.service.acceptheader.AcceptHeaderServiceForRest: #introspectUpTo( TYPE_INTROSPECTED )
2021-05-24 11:55:40.894 START: workQueue.size: 0, waited for: 594ms, org.apache.isis.viewer.restfulobjects.rendering.service.RepresentationServiceContentNegotiator: #introspectUpTo( TYPE_INTROSPECTED )
2021-05-24 11:55:40.910 END: completed in: 16ms, org.apache.isis.schema.services.jaxb.JaxbServiceDefault: #introspectUpTo( TYPE_INTROSPECTED )
2021-05-24 11:55:40.910 START: workQueue.size: 0, waited for: 610ms, org.apache.isis.viewer.restfulobjects.rendering.service.conneg.ContentNegotiationServiceForRestfulObjectsV1_0: #introspectUpTo( TYPE_INTROSPECTED )
2021-05-24 11:55:40.910 END: completed in: 0ms, org.apache.isis.viewer.restfulobjects.rendering.service.acceptheader.AcceptHeaderServiceForRest: #introspectUpTo( TYPE_INTROSPECTED )
2021-05-24 11:55:40.910 START: workQueue.size: 0, waited for: 610ms, org.apache.isis.viewer.wicket.viewer.services.BookmarkUiServiceWicket: #introspectUpTo( TYPE_INTROSPECTED )
2021-05-24 11:55:40.910 END: completed in: 0ms, org.apache.isis.viewer.restfulobjects.rendering.service.RepresentationServiceForRestfulObjects: #introspectUpTo( TYPE_INTROSPECTED )
2021-05-24 11:55:40.910 START: workQueue.size: 0, waited for: 610ms, org.apache.isis.viewer.wicket.viewer.services.DeepLinkServiceWicket: #introspectUpTo( TYPE_INTROSPECTED )
2021-05-24 11:55:40.910 END: completed in: 16ms, org.apache.isis.viewer.restfulobjects.rendering.service.RepresentationServiceContentNegotiator: #introspectUpTo( TYPE_INTROSPECTED )
2021-05-24 11:55:40.910 START: workQueue.size: 0, waited for: 610ms, org.apache.isis.viewer.wicket.viewer.services.GuiceBeanProviderWicket: #introspectUpTo( TYPE_INTROSPECTED )
2021-05-24 11:55:40.910 END: completed in: 0ms, org.apache.isis.viewer.restfulobjects.rendering.service.conneg.ContentNegotiationServiceForRestfulObjectsV1_0: #introspectUpTo( TYPE_INTROSPECTED )
2021-05-24 11:55:40.910 START: workQueue.size: 0, waited for: 610ms, org.apache.isis.viewer.wicket.viewer.services.HintStoreUsingWicketSession: #introspectUpTo( TYPE_INTROSPECTED )
2021-05-24 11:55:40.925 END: completed in: 15ms, org.apache.isis.viewer.wicket.viewer.services.DeepLinkServiceWicket: #introspectUpTo( TYPE_INTROSPECTED )
2021-05-24 11:55:40.925 START: workQueue.size: 0, waited for: 625ms, org.apache.isis.viewer.wicket.viewer.services.LocaleProviderWicket: #introspectUpTo( TYPE_INTROSPECTED )
2021-05-24 11:55:40.925 END: completed in: 15ms, org.apache.isis.viewer.wicket.viewer.services.HintStoreUsingWicketSession: #introspectUpTo( TYPE_INTROSPECTED )
2021-05-24 11:55:40.925 START: workQueue.size: 0, waited for: 625ms, org.apache.isis.viewer.wicket.viewer.services.TranslationsResolverWicket: #introspectUpTo( TYPE_INTROSPECTED )
2021-05-24 11:55:40.925 END: completed in: 15ms, org.apache.isis.viewer.wicket.viewer.services.BookmarkUiServiceWicket: #introspectUpTo( TYPE_INTROSPECTED )
2021-05-24 11:55:40.925 START: workQueue.size: 0, waited for: 625ms, org.apache.isis.applib.services.bookmark.BookmarkHolder_object: #introspectUpTo( TYPE_INTROSPECTED )
2021-05-24 11:55:40.925 END: completed in: 15ms, org.apache.isis.viewer.wicket.viewer.services.GuiceBeanProviderWicket: #introspectUpTo( TYPE_INTROSPECTED )
2021-05-24 11:55:40.925 START: workQueue.size: 0, waited for: 625ms, org.apache.isis.core.metamodel.services.jdosupport.Persistable_downloadJdoMetadata: #introspectUpTo( TYPE_INTROSPECTED )
2021-05-24 11:55:40.925 END: completed in: 0ms, org.apache.isis.viewer.wicket.viewer.services.LocaleProviderWicket: #introspectUpTo( TYPE_INTROSPECTED )
2021-05-24 11:55:40.925 START: workQueue.size: 0, waited for: 625ms, org.apache.isis.core.metamodel.services.jdosupport.Persistable_datanucleusIdLong: #introspectUpTo( TYPE_INTROSPECTED )
2021-05-24 11:55:40.925 END: completed in: 0ms, org.apache.isis.viewer.wicket.viewer.services.TranslationsResolverWicket: #introspectUpTo( TYPE_INTROSPECTED )
2021-05-24 11:55:40.925 START: workQueue.size: 0, waited for: 625ms, org.apache.isis.applib.services.layout.Object_openRestApi: #introspectUpTo( TYPE_INTROSPECTED )
2021-05-24 11:55:40.941 END: completed in: 16ms, org.apache.isis.applib.services.bookmark.BookmarkHolder_object: #introspectUpTo( TYPE_INTROSPECTED )
2021-05-24 11:55:40.941 END: completed in: 16ms, org.apache.isis.core.metamodel.services.jdosupport.Persistable_downloadJdoMetadata: #introspectUpTo( TYPE_INTROSPECTED )
2021-05-24 11:55:40.941 START: workQueue.size: 0, waited for: 641ms, org.apache.isis.applib.services.layout.Object_downloadLayoutXml: #introspectUpTo( TYPE_INTROSPECTED )
2021-05-24 11:55:40.941 START: workQueue.size: 0, waited for: 641ms, org.apache.isis.viewer.wicket.viewer.services.Object_clearHints: #introspectUpTo( TYPE_INTROSPECTED )
2021-05-24 11:55:40.941 END: completed in: 782ms, InteractionDtoUtils.init()
2021-05-24 11:55:40.941 START: workQueue.size: 0, waited for: 641ms, org.apache.isis.applib.services.dto.Dto_downloadXsd: #introspectUpTo( TYPE_INTROSPECTED )
2021-05-24 11:55:40.941 END: completed in: 782ms, CommandDtoUtils.init()
2021-05-24 11:55:40.941 START: workQueue.size: 0, waited for: 641ms, org.apache.isis.core.metamodel.services.jdosupport.Persistable_datanucleusVersionTimestamp: #introspectUpTo( TYPE_INTROSPECTED )
2021-05-24 11:55:40.941 END: completed in: 16ms, org.apache.isis.core.metamodel.services.jdosupport.Persistable_datanucleusIdLong: #introspectUpTo( TYPE_INTROSPECTED )
2021-05-24 11:55:40.941 END: completed in: 16ms, org.apache.isis.applib.services.layout.Object_openRestApi: #introspectUpTo( TYPE_INTROSPECTED )
2021-05-24 11:55:40.941 START: workQueue.size: 0, waited for: 641ms, org.apache.isis.applib.services.layout.Object_rebuildMetamodel: #introspectUpTo( TYPE_INTROSPECTED )
2021-05-24 11:55:40.941 START: workQueue.size: 0, waited for: 641ms, org.apache.isis.core.metamodel.services.jdosupport.Persistable_datanucleusVersionLong: #introspectUpTo( TYPE_INTROSPECTED )
2021-05-24 11:55:40.941 END: completed in: 0ms, org.apache.isis.viewer.wicket.viewer.services.Object_clearHints: #introspectUpTo( TYPE_INTROSPECTED )
2021-05-24 11:55:40.941 START: workQueue.size: 0, waited for: 641ms, org.apache.isis.applib.services.bookmark.BookmarkHolder_lookup: #introspectUpTo( TYPE_INTROSPECTED )
2021-05-24 11:55:40.957 END: completed in: 16ms, org.apache.isis.applib.services.layout.Object_rebuildMetamodel: #introspectUpTo( TYPE_INTROSPECTED )
2021-05-24 11:55:40.957 START: workQueue.size: 0, waited for: 657ms, org.apache.isis.applib.services.dto.Dto_downloadXml: #introspectUpTo( TYPE_INTROSPECTED )
2021-05-24 11:55:40.957 END: completed in: 16ms, org.apache.isis.applib.services.dto.Dto_downloadXsd: #introspectUpTo( TYPE_INTROSPECTED )
2021-05-24 11:55:40.957 START: workQueue.size: 0, waited for: 657ms, java.lang.String: #introspectUpTo( TYPE_INTROSPECTED )
2021-05-24 11:55:40.957 END: completed in: 16ms, org.apache.isis.applib.services.layout.Object_downloadLayoutXml: #introspectUpTo( TYPE_INTROSPECTED )
2021-05-24 11:55:40.957 START: workQueue.size: 0, waited for: 657ms, byte: #introspectUpTo( TYPE_INTROSPECTED )
2021-05-24 11:55:40.957 END: completed in: 16ms, org.apache.isis.core.metamodel.services.jdosupport.Persistable_datanucleusVersionTimestamp: #introspectUpTo( TYPE_INTROSPECTED )
2021-05-24 11:55:40.957 START: workQueue.size: 0, waited for: 657ms, java.lang.Byte: #introspectUpTo( TYPE_INTROSPECTED )
2021-05-24 11:55:40.957 END: completed in: 16ms, org.apache.isis.core.metamodel.services.jdosupport.Persistable_datanucleusVersionLong: #introspectUpTo( TYPE_INTROSPECTED )
2021-05-24 11:55:40.957 START: workQueue.size: 0, waited for: 657ms, short: #introspectUpTo( TYPE_INTROSPECTED )
2021-05-24 11:55:40.957 END: completed in: 16ms, org.apache.isis.applib.services.bookmark.BookmarkHolder_lookup: #introspectUpTo( TYPE_INTROSPECTED )
2021-05-24 11:55:40.957 START: workQueue.size: 0, waited for: 657ms, java.lang.Short: #introspectUpTo( TYPE_INTROSPECTED )
2021-05-24 11:55:40.957 END: completed in: 0ms, org.apache.isis.applib.services.dto.Dto_downloadXml: #introspectUpTo( TYPE_INTROSPECTED )
2021-05-24 11:55:40.957 START: workQueue.size: 0, waited for: 657ms, int: #introspectUpTo( TYPE_INTROSPECTED )
2021-05-24 11:55:40.988 END: completed in: 31ms, java.lang.String: #introspectUpTo( TYPE_INTROSPECTED )
2021-05-24 11:55:40.988 START: workQueue.size: 0, waited for: 688ms, java.lang.Integer: #introspectUpTo( TYPE_INTROSPECTED )
2021-05-24 11:55:40.988 END: completed in: 31ms, short: #introspectUpTo( TYPE_INTROSPECTED )
2021-05-24 11:55:40.988 END: completed in: 31ms, byte: #introspectUpTo( TYPE_INTROSPECTED )
2021-05-24 11:55:40.988 END: completed in: 31ms, int: #introspectUpTo( TYPE_INTROSPECTED )
2021-05-24 11:55:40.988 END: completed in: 31ms, java.lang.Byte: #introspectUpTo( TYPE_INTROSPECTED )
2021-05-24 11:55:40.988 END: completed in: 31ms, java.lang.Short: #introspectUpTo( TYPE_INTROSPECTED )
2021-05-24 11:55:40.988 START: workQueue.size: 0, waited for: 688ms, java.lang.Character: #introspectUpTo( TYPE_INTROSPECTED )
2021-05-24 11:55:40.988 START: workQueue.size: 0, waited for: 688ms, boolean: #introspectUpTo( TYPE_INTROSPECTED )
2021-05-24 11:55:40.988 START: workQueue.size: 0, waited for: 688ms, char: #introspectUpTo( TYPE_INTROSPECTED )
2021-05-24 11:55:40.988 END: completed in: 0ms, boolean: #introspectUpTo( TYPE_INTROSPECTED )
2021-05-24 11:55:40.988 START: workQueue.size: 0, waited for: 688ms, java.lang.Boolean: #introspectUpTo( TYPE_INTROSPECTED )
2021-05-24 11:55:40.988 END: completed in: 0ms, char: #introspectUpTo( TYPE_INTROSPECTED )
2021-05-24 11:55:40.988 START: workQueue.size: 0, waited for: 688ms, float: #introspectUpTo( TYPE_INTROSPECTED )
2021-05-24 11:55:40.988 END: completed in: 0ms, float: #introspectUpTo( TYPE_INTROSPECTED )
2021-05-24 11:55:40.988 START: workQueue.size: 0, waited for: 688ms, java.lang.Float: #introspectUpTo( TYPE_INTROSPECTED )
2021-05-24 11:55:41.003 END: completed in: 15ms, java.lang.Boolean: #introspectUpTo( TYPE_INTROSPECTED )
2021-05-24 11:55:41.003 START: workQueue.size: 0, waited for: 703ms, double: #introspectUpTo( TYPE_INTROSPECTED )
2021-05-24 11:55:41.003 END: completed in: 15ms, java.lang.Integer: #introspectUpTo( TYPE_INTROSPECTED )
2021-05-24 11:55:41.003 END: completed in: 0ms, double: #introspectUpTo( TYPE_INTROSPECTED )
2021-05-24 11:55:41.003 START: workQueue.size: 0, waited for: 703ms, java.math.BigInteger: #introspectUpTo( TYPE_INTROSPECTED )
2021-05-24 11:55:41.003 END: completed in: 15ms, java.lang.Float: #introspectUpTo( TYPE_INTROSPECTED )
2021-05-24 11:55:41.003 START: workQueue.size: 0, waited for: 703ms, java.math.BigDecimal: #introspectUpTo( TYPE_INTROSPECTED )
2021-05-24 11:55:40.988 START: workQueue.size: 0, waited for: 688ms, java.lang.Long: #introspectUpTo( TYPE_INTROSPECTED )
2021-05-24 11:55:40.988 START: workQueue.size: 0, waited for: 688ms, long: #introspectUpTo( TYPE_INTROSPECTED )
2021-05-24 11:55:41.003 START: workQueue.size: 0, waited for: 703ms, java.lang.Double: #introspectUpTo( TYPE_INTROSPECTED )
2021-05-24 11:55:41.019 END: completed in: 31ms, long: #introspectUpTo( TYPE_INTROSPECTED )
2021-05-24 11:55:41.019 START: workQueue.size: 0, waited for: 719ms, org.joda.time.DateTime: #introspectUpTo( TYPE_INTROSPECTED )
2021-05-24 11:55:41.035 END: completed in: 32ms, java.math.BigInteger: #introspectUpTo( TYPE_INTROSPECTED )
2021-05-24 11:55:41.035 END: completed in: 47ms, java.lang.Character: #introspectUpTo( TYPE_INTROSPECTED )
2021-05-24 11:55:41.035 START: workQueue.size: 0, waited for: 735ms, org.joda.time.LocalDateTime: #introspectUpTo( TYPE_INTROSPECTED )
2021-05-24 11:55:41.035 START: workQueue.size: 0, waited for: 735ms, org.joda.time.LocalDate: #introspectUpTo( TYPE_INTROSPECTED )
2021-05-24 11:55:41.035 END: completed in: 32ms, java.lang.Double: #introspectUpTo( TYPE_INTROSPECTED )
2021-05-24 11:55:41.035 START: workQueue.size: 0, waited for: 735ms, org.joda.time.LocalTime: #introspectUpTo( TYPE_INTROSPECTED )
2021-05-24 11:55:41.050 END: completed in: 47ms, java.math.BigDecimal: #introspectUpTo( TYPE_INTROSPECTED )
2021-05-24 11:55:41.050 START: workQueue.size: 0, waited for: 750ms, java.sql.Timestamp: #introspectUpTo( TYPE_INTROSPECTED )
2021-05-24 11:55:41.066 END: completed in: 78ms, java.lang.Long: #introspectUpTo( TYPE_INTROSPECTED )
2021-05-24 11:55:41.066 START: workQueue.size: 0, waited for: 766ms, org.apache.isis.applib.value.Blob: #introspectUpTo( TYPE_INTROSPECTED )
2021-05-24 11:55:41.066 END: completed in: 0ms, org.apache.isis.applib.value.Blob: #introspectUpTo( TYPE_INTROSPECTED )
2021-05-24 11:55:41.066 START: workQueue.size: 0, waited for: 766ms, org.apache.isis.applib.value.Clob: #introspectUpTo( TYPE_INTROSPECTED )
2021-05-24 11:55:41.066 END: completed in: 0ms, org.apache.isis.applib.value.Clob: #introspectUpTo( TYPE_INTROSPECTED )
2021-05-24 11:55:41.066 START: workQueue.size: 0, waited for: 766ms, domainapp.modules.simple.dom.planta.Planta: #introspectUpTo( TYPE_INTROSPECTED )
2021-05-24 11:55:41.082 END: completed in: 32ms, java.sql.Timestamp: #introspectUpTo( TYPE_INTROSPECTED )
2021-05-24 11:55:41.082 START: workQueue.size: 0, waited for: 782ms, org.apache.isis.applib.fixturescripts.FixtureResult: #introspectUpTo( TYPE_INTROSPECTED )
2021-05-24 11:55:41.105 END: completed in: 70ms, org.joda.time.LocalTime: #introspectUpTo( TYPE_INTROSPECTED )
2021-05-24 11:55:41.105 START: workQueue.size: 0, waited for: 805ms, org.apache.isis.applib.services.config.ConfigurationProperty: #introspectUpTo( TYPE_INTROSPECTED )
2021-05-24 11:55:41.137 END: completed in: 102ms, org.joda.time.LocalDate: #introspectUpTo( TYPE_INTROSPECTED )
2021-05-24 11:55:41.137 START: workQueue.size: 0, waited for: 837ms, org.apache.isis.applib.domain.DomainObjectList: #introspectUpTo( TYPE_INTROSPECTED )
2021-05-24 11:55:41.153 END: completed in: 71ms, org.apache.isis.applib.fixturescripts.FixtureResult: #introspectUpTo( TYPE_INTROSPECTED )
2021-05-24 11:55:41.153 START: workQueue.size: 0, waited for: 853ms, domainapp.modules.simple.dom.equipo.Equipo: #introspectUpTo( TYPE_INTROSPECTED )
2021-05-24 11:55:41.161 END: completed in: 56ms, org.apache.isis.applib.services.config.ConfigurationProperty: #introspectUpTo( TYPE_INTROSPECTED )
2021-05-24 11:55:41.161 START: workQueue.size: 0, waited for: 861ms, domainapp.modules.simple.dom.impl.SimpleObject: #introspectUpTo( TYPE_INTROSPECTED )
2021-05-24 11:55:41.177 END: completed in: 111ms, domainapp.modules.simple.dom.planta.Planta: #introspectUpTo( TYPE_INTROSPECTED )
2021-05-24 11:55:41.177 START: workQueue.size: 0, waited for: 877ms, domainapp.modules.simple.dom.cargadiaria.CargaDiaria: #introspectUpTo( TYPE_INTROSPECTED )
2021-05-24 11:55:41.177 END: completed in: 24ms, domainapp.modules.simple.dom.equipo.Equipo: #introspectUpTo( TYPE_INTROSPECTED )
2021-05-24 11:55:41.177 START: workQueue.size: 0, waited for: 877ms, org.apache.isis.objectstore.jdo.applib.service.DomainChangeJdoAbstract: #introspectUpTo( TYPE_INTROSPECTED )
2021-05-24 11:55:41.177 END: completed in: 158ms, org.joda.time.DateTime: #introspectUpTo( TYPE_INTROSPECTED )
2021-05-24 11:55:41.177 START: workQueue.size: 0, waited for: 877ms, domainapp.application.services.homepage.HomePageViewModel: #introspectUpTo( TYPE_INTROSPECTED )
2021-05-24 11:55:41.177 END: completed in: 142ms, org.joda.time.LocalDateTime: #introspectUpTo( TYPE_INTROSPECTED )
2021-05-24 11:55:41.177 START: workQueue.size: 0, waited for: 877ms, domainapp.modules.simple.dom.compresor.Compresor: #introspectUpTo( TYPE_INTROSPECTED )
2021-05-24 11:55:41.185 END: completed in: 24ms, domainapp.modules.simple.dom.impl.SimpleObject: #introspectUpTo( TYPE_INTROSPECTED )
2021-05-24 11:55:41.185 START: workQueue.size: 0, waited for: 885ms, domainapp.modules.simple.dom.motor.Motor: #introspectUpTo( TYPE_INTROSPECTED )
2021-05-24 11:55:41.185 END: completed in: 8ms, domainapp.application.services.homepage.HomePageViewModel: #introspectUpTo( TYPE_INTROSPECTED )
2021-05-24 11:55:41.185 START: workQueue.size: 0, waited for: 885ms, org.apache.isis.applib.fixturescripts.SimpleFixtureScript: #introspectUpTo( TYPE_INTROSPECTED )
2021-05-24 11:55:41.185 END: completed in: 48ms, org.apache.isis.applib.domain.DomainObjectList: #introspectUpTo( TYPE_INTROSPECTED )
2021-05-24 11:55:41.185 START: workQueue.size: 0, waited for: 885ms, org.apache.isis.applib.fixturescripts.FixtureResult: #introspectUpTo( TYPE_INTROSPECTED )
2021-05-24 11:55:41.185 END: completed in: 0ms, org.apache.isis.applib.fixturescripts.FixtureResult: #introspectUpTo( TYPE_INTROSPECTED )
2021-05-24 11:55:41.185 START: workQueue.size: 0, waited for: 885ms, org.apache.isis.applib.fixturescripts.SimpleFixtureScript: #introspectUpTo( TYPE_INTROSPECTED )
2021-05-24 11:55:41.185 END: completed in: 0ms, org.apache.isis.applib.fixturescripts.SimpleFixtureScript: #introspectUpTo( TYPE_INTROSPECTED )
2021-05-24 11:55:41.185 START: workQueue.size: 0, waited for: 885ms, org.apache.isis.applib.fixturescripts.FixtureScript: #introspectUpTo( TYPE_INTROSPECTED )
2021-05-24 11:55:41.211 END: completed in: 26ms, domainapp.modules.simple.dom.motor.Motor: #introspectUpTo( TYPE_INTROSPECTED )
2021-05-24 11:55:41.211 START: workQueue.size: 0, waited for: 911ms, org.apache.isis.applib.fixturescripts.DiscoverableFixtureScript: #introspectUpTo( TYPE_INTROSPECTED )
2021-05-24 11:55:41.211 END: completed in: 34ms, org.apache.isis.objectstore.jdo.applib.service.DomainChangeJdoAbstract: #introspectUpTo( TYPE_INTROSPECTED )
2021-05-24 11:55:41.211 START: workQueue.size: 0, waited for: 911ms, domainapp.application.fixture.scenarios.DomainAppDemo: #introspectUpTo( TYPE_INTROSPECTED )
2021-05-24 11:55:41.211 END: completed in: 26ms, org.apache.isis.applib.fixturescripts.SimpleFixtureScript: #introspectUpTo( TYPE_INTROSPECTED )
2021-05-24 11:55:41.227 END: completed in: 16ms, domainapp.application.fixture.scenarios.DomainAppDemo: #introspectUpTo( TYPE_INTROSPECTED )
2021-05-24 11:55:41.227 END: completed in: 50ms, domainapp.modules.simple.dom.compresor.Compresor: #introspectUpTo( TYPE_INTROSPECTED )
2021-05-24 11:55:41.227 END: completed in: 50ms, domainapp.modules.simple.dom.cargadiaria.CargaDiaria: #introspectUpTo( TYPE_INTROSPECTED )
2021-05-24 11:55:41.227 END: completed in: 16ms, org.apache.isis.applib.fixturescripts.DiscoverableFixtureScript: #introspectUpTo( TYPE_INTROSPECTED )
2021-05-24 11:55:41.242 END: completed in: 57ms, org.apache.isis.applib.fixturescripts.FixtureScript: #introspectUpTo( TYPE_INTROSPECTED )
2021-05-24 11:55:41.242 join'ing 155 tasks: waited 0 milliseconds 
2021-05-24 11:55:41.242 START: workQueue.size: 0, waited for: 0ms, org.apache.isis.core.runtime.system.persistence.PersistenceSessionFactory: #introspectUpTo( TYPE_AND_MEMBERS_INTROSPECTED )
2021-05-24 11:55:41.242 START: workQueue.size: 0, waited for: 0ms, org.apache.isis.core.metamodel.specloader.SpecificationLoader: #introspectUpTo( TYPE_AND_MEMBERS_INTROSPECTED )
2021-05-24 11:55:41.242 START: workQueue.size: 0, waited for: 0ms, org.apache.isis.core.runtime.system.session.IsisSessionFactory: #introspectUpTo( TYPE_AND_MEMBERS_INTROSPECTED )
2021-05-24 11:55:41.242 START: workQueue.size: 0, waited for: 0ms, org.apache.isis.core.runtime.authorization.standard.AuthorizationManagerStandard: #introspectUpTo( TYPE_AND_MEMBERS_INTROSPECTED )
2021-05-24 11:55:41.242 START: workQueue.size: 0, waited for: 0ms, org.apache.isis.core.runtime.authentication.standard.AuthenticationManagerStandard: #introspectUpTo( TYPE_AND_MEMBERS_INTROSPECTED )
2021-05-24 11:55:41.242 START: workQueue.size: 0, waited for: 0ms, org.apache.isis.core.commons.config.IsisConfigurationDefault: #introspectUpTo( TYPE_AND_MEMBERS_INTROSPECTED )
2021-05-24 11:55:41.289 END: completed in: 47ms, org.apache.isis.core.runtime.authorization.standard.AuthorizationManagerStandard: #introspectUpTo( TYPE_AND_MEMBERS_INTROSPECTED )
2021-05-24 11:55:41.289 END: completed in: 47ms, org.apache.isis.core.runtime.authentication.standard.AuthenticationManagerStandard: #introspectUpTo( TYPE_AND_MEMBERS_INTROSPECTED )
2021-05-24 11:55:41.289 END: completed in: 47ms, org.apache.isis.core.metamodel.specloader.SpecificationLoader: #introspectUpTo( TYPE_AND_MEMBERS_INTROSPECTED )
2021-05-24 11:55:41.289 END: completed in: 47ms, org.apache.isis.core.commons.config.IsisConfigurationDefault: #introspectUpTo( TYPE_AND_MEMBERS_INTROSPECTED )
2021-05-24 11:55:41.289 END: completed in: 47ms, org.apache.isis.core.runtime.system.session.IsisSessionFactory: #introspectUpTo( TYPE_AND_MEMBERS_INTROSPECTED )
2021-05-24 11:55:41.289 END: completed in: 47ms, org.apache.isis.core.runtime.system.persistence.PersistenceSessionFactory: #introspectUpTo( TYPE_AND_MEMBERS_INTROSPECTED )
2021-05-24 11:55:41.289 START: workQueue.size: 0, waited for: 47ms, domainapp.modules.simple.dom.equipo.EquipoRepositorio: #introspectUpTo( TYPE_AND_MEMBERS_INTROSPECTED )
2021-05-24 11:55:41.289 START: workQueue.size: 0, waited for: 47ms, domainapp.modules.simple.dom.impl.SimpleObjects: #introspectUpTo( TYPE_AND_MEMBERS_INTROSPECTED )
2021-05-24 11:55:41.289 START: workQueue.size: 0, waited for: 47ms, domainapp.modules.simple.dom.planta.PlantaRepositorio: #introspectUpTo( TYPE_AND_MEMBERS_INTROSPECTED )
2021-05-24 11:55:41.289 START: workQueue.size: 0, waited for: 47ms, org.apache.isis.applib.services.queryresultscache.QueryResultsCache$Control: #introspectUpTo( TYPE_AND_MEMBERS_INTROSPECTED )
2021-05-24 11:55:41.289 END: completed in: 0ms, org.apache.isis.applib.services.queryresultscache.QueryResultsCache$Control: #introspectUpTo( TYPE_AND_MEMBERS_INTROSPECTED )
2021-05-24 11:55:41.305 START: workQueue.size: 0, waited for: 63ms, org.apache.isis.applib.services.fixturespec.FixtureScriptsDefault: #introspectUpTo( TYPE_AND_MEMBERS_INTROSPECTED )
2021-05-24 11:55:41.289 START: workQueue.size: 0, waited for: 47ms, org.apache.isis.objectstore.jdo.datanucleus.service.eventbus.EventBusServiceJdo: #introspectUpTo( TYPE_AND_MEMBERS_INTROSPECTED )
2021-05-24 11:55:41.305 END: completed in: 16ms, org.apache.isis.objectstore.jdo.datanucleus.service.eventbus.EventBusServiceJdo: #introspectUpTo( TYPE_AND_MEMBERS_INTROSPECTED )
2021-05-24 11:55:41.305 START: workQueue.size: 0, waited for: 63ms, org.apache.isis.applib.services.layout.LayoutServiceMenu: #introspectUpTo( TYPE_AND_MEMBERS_INTROSPECTED )
2021-05-24 11:55:41.289 START: workQueue.size: 0, waited for: 47ms, org.apache.isis.core.runtime.services.deplcat.DeploymentCategoryProviderDefault: #introspectUpTo( TYPE_AND_MEMBERS_INTROSPECTED )
2021-05-24 11:55:41.305 END: completed in: 16ms, org.apache.isis.core.runtime.services.deplcat.DeploymentCategoryProviderDefault: #introspectUpTo( TYPE_AND_MEMBERS_INTROSPECTED )
2021-05-24 11:55:41.305 START: workQueue.size: 0, waited for: 63ms, org.apache.isis.applib.services.metamodel.MetaModelServicesMenu: #introspectUpTo( TYPE_AND_MEMBERS_INTROSPECTED )
2021-05-24 11:55:41.586 END: completed in: 297ms, domainapp.modules.simple.dom.planta.PlantaRepositorio: #introspectUpTo( TYPE_AND_MEMBERS_INTROSPECTED )
2021-05-24 11:55:41.586 END: completed in: 281ms, org.apache.isis.applib.services.fixturespec.FixtureScriptsDefault: #introspectUpTo( TYPE_AND_MEMBERS_INTROSPECTED )
2021-05-24 11:55:41.586 END: completed in: 281ms, org.apache.isis.applib.services.layout.LayoutServiceMenu: #introspectUpTo( TYPE_AND_MEMBERS_INTROSPECTED )
2021-05-24 11:55:41.586 END: completed in: 297ms, domainapp.modules.simple.dom.impl.SimpleObjects: #introspectUpTo( TYPE_AND_MEMBERS_INTROSPECTED )
2021-05-24 11:55:41.586 END: completed in: 281ms, org.apache.isis.applib.services.metamodel.MetaModelServicesMenu: #introspectUpTo( TYPE_AND_MEMBERS_INTROSPECTED )
2021-05-24 11:55:41.586 END: completed in: 297ms, domainapp.modules.simple.dom.equipo.EquipoRepositorio: #introspectUpTo( TYPE_AND_MEMBERS_INTROSPECTED )
2021-05-24 11:55:41.586 START: workQueue.size: 0, waited for: 344ms, org.apache.isis.applib.conmap.ContentMappingServiceForCommandDto$CopyOverFromCommand: #introspectUpTo( TYPE_AND_MEMBERS_INTROSPECTED )
2021-05-24 11:55:41.586 START: workQueue.size: 0, waited for: 344ms, org.apache.isis.applib.services.config.ConfigurationServiceMenu: #introspectUpTo( TYPE_AND_MEMBERS_INTROSPECTED )
2021-05-24 11:55:41.586 START: workQueue.size: 0, waited for: 344ms, org.apache.isis.applib.services.hsqldb.HsqlDbManagerMenu: #introspectUpTo( TYPE_AND_MEMBERS_INTROSPECTED )
2021-05-24 11:55:41.602 END: completed in: 0ms, org.apache.isis.applib.conmap.ContentMappingServiceForCommandDto$CopyOverFromCommand: #introspectUpTo( TYPE_AND_MEMBERS_INTROSPECTED )
2021-05-24 11:55:41.602 START: workQueue.size: 0, waited for: 360ms, domainapp.application.services.health.HealthCheckServiceImpl: #introspectUpTo( TYPE_AND_MEMBERS_INTROSPECTED )
2021-05-24 11:55:41.602 END: completed in: 0ms, domainapp.application.services.health.HealthCheckServiceImpl: #introspectUpTo( TYPE_AND_MEMBERS_INTROSPECTED )
2021-05-24 11:55:41.586 START: workQueue.size: 0, waited for: 344ms, org.apache.isis.core.runtime.services.i18n.po.TranslationServicePoMenu: #introspectUpTo( TYPE_AND_MEMBERS_INTROSPECTED )
2021-05-24 11:55:41.586 START: workQueue.size: 0, waited for: 344ms, org.apache.isis.applib.services.swagger.SwaggerServiceMenu: #introspectUpTo( TYPE_AND_MEMBERS_INTROSPECTED )
2021-05-24 11:55:41.602 START: workQueue.size: 0, waited for: 360ms, domainapp.application.services.homepage.HomePageService: #introspectUpTo( TYPE_AND_MEMBERS_INTROSPECTED )
2021-05-24 11:55:41.586 START: workQueue.size: 0, waited for: 344ms, domainapp.application.fixture.DomainAppFixtureScriptsSpecificationProvider: #introspectUpTo( TYPE_AND_MEMBERS_INTROSPECTED )
2021-05-24 11:55:41.602 END: completed in: 16ms, domainapp.application.fixture.DomainAppFixtureScriptsSpecificationProvider: #introspectUpTo( TYPE_AND_MEMBERS_INTROSPECTED )
2021-05-24 11:55:41.602 START: workQueue.size: 0, waited for: 360ms, org.apache.isis.applib.services.dto.DtoMappingHelper: #introspectUpTo( TYPE_AND_MEMBERS_INTROSPECTED )
2021-05-24 11:55:41.602 END: completed in: 0ms, org.apache.isis.applib.services.dto.DtoMappingHelper: #introspectUpTo( TYPE_AND_MEMBERS_INTROSPECTED )
2021-05-24 11:55:41.602 START: workQueue.size: 0, waited for: 360ms, org.apache.isis.core.runtime.services.background.CommandExecutorServiceDefault: #introspectUpTo( TYPE_AND_MEMBERS_INTROSPECTED )
2021-05-24 11:55:41.602 END: completed in: 0ms, org.apache.isis.core.runtime.services.background.CommandExecutorServiceDefault: #introspectUpTo( TYPE_AND_MEMBERS_INTROSPECTED )
2021-05-24 11:55:41.602 START: workQueue.size: 0, waited for: 360ms, org.apache.isis.core.runtime.services.menubars.MenuBarsLoaderServiceDefault: #introspectUpTo( TYPE_AND_MEMBERS_INTROSPECTED )
2021-05-24 11:55:41.602 END: completed in: 0ms, org.apache.isis.core.runtime.services.menubars.MenuBarsLoaderServiceDefault: #introspectUpTo( TYPE_AND_MEMBERS_INTROSPECTED )
2021-05-24 11:55:41.602 START: workQueue.size: 0, waited for: 360ms, org.apache.isis.core.runtime.services.menubars.bootstrap3.MenuBarsServiceBS3: #introspectUpTo( TYPE_AND_MEMBERS_INTROSPECTED )
2021-05-24 11:55:41.602 END: completed in: 0ms, org.apache.isis.core.runtime.services.menubars.bootstrap3.MenuBarsServiceBS3: #introspectUpTo( TYPE_AND_MEMBERS_INTROSPECTED )
2021-05-24 11:55:41.602 START: workQueue.size: 0, waited for: 360ms, org.apache.isis.core.runtime.services.userprof.UserProfileServiceDefault: #introspectUpTo( TYPE_AND_MEMBERS_INTROSPECTED )
2021-05-24 11:55:41.602 END: completed in: 0ms, org.apache.isis.core.runtime.services.userprof.UserProfileServiceDefault: #introspectUpTo( TYPE_AND_MEMBERS_INTROSPECTED )
2021-05-24 11:55:41.602 START: workQueue.size: 0, waited for: 360ms, org.apache.isis.viewer.restfulobjects.rendering.service.conneg.ContentNegotiationServiceXRoDomainType: #introspectUpTo( TYPE_AND_MEMBERS_INTROSPECTED )
2021-05-24 11:55:41.602 END: completed in: 0ms, org.apache.isis.viewer.restfulobjects.rendering.service.conneg.ContentNegotiationServiceXRoDomainType: #introspectUpTo( TYPE_AND_MEMBERS_INTROSPECTED )
2021-05-24 11:55:41.602 START: workQueue.size: 0, waited for: 360ms, org.apache.isis.viewer.restfulobjects.rendering.service.conneg.ContentNegotiationServiceOrgApacheIsisV1: #introspectUpTo( TYPE_AND_MEMBERS_INTROSPECTED )
2021-05-24 11:55:41.602 END: completed in: 0ms, org.apache.isis.viewer.restfulobjects.rendering.service.conneg.ContentNegotiationServiceOrgApacheIsisV1: #introspectUpTo( TYPE_AND_MEMBERS_INTROSPECTED )
2021-05-24 11:55:41.602 START: workQueue.size: 0, waited for: 360ms, org.apache.isis.core.runtime.services.message.MessageServiceDefault: #introspectUpTo( TYPE_AND_MEMBERS_INTROSPECTED )
2021-05-24 11:55:41.602 END: completed in: 0ms, org.apache.isis.core.runtime.services.message.MessageServiceDefault: #introspectUpTo( TYPE_AND_MEMBERS_INTROSPECTED )
2021-05-24 11:55:41.602 START: workQueue.size: 0, waited for: 360ms, org.apache.isis.core.runtime.services.persistsession.PersistenceSessionServiceInternalDefault: #introspectUpTo( TYPE_AND_MEMBERS_INTROSPECTED )
2021-05-24 11:55:41.602 END: completed in: 0ms, org.apache.isis.core.runtime.services.persistsession.PersistenceSessionServiceInternalDefault: #introspectUpTo( TYPE_AND_MEMBERS_INTROSPECTED )
2021-05-24 11:55:41.602 START: workQueue.size: 0, waited for: 360ms, org.apache.isis.applib.annotation.Bulk$InteractionContext: #introspectUpTo( TYPE_AND_MEMBERS_INTROSPECTED )
2021-05-24 11:55:41.602 END: completed in: 0ms, org.apache.isis.applib.annotation.Bulk$InteractionContext: #introspectUpTo( TYPE_AND_MEMBERS_INTROSPECTED )
2021-05-24 11:55:41.602 START: workQueue.size: 0, waited for: 360ms, org.apache.isis.applib.conmap.ContentMappingServiceForCommandDto: #introspectUpTo( TYPE_AND_MEMBERS_INTROSPECTED )
2021-05-24 11:55:41.602 END: completed in: 0ms, org.apache.isis.applib.conmap.ContentMappingServiceForCommandDto: #introspectUpTo( TYPE_AND_MEMBERS_INTROSPECTED )
2021-05-24 11:55:41.602 START: workQueue.size: 0, waited for: 360ms, org.apache.isis.applib.conmap.ContentMappingServiceForCommandsDto: #introspectUpTo( TYPE_AND_MEMBERS_INTROSPECTED )
2021-05-24 11:55:41.602 END: completed in: 0ms, org.apache.isis.applib.conmap.ContentMappingServiceForCommandsDto: #introspectUpTo( TYPE_AND_MEMBERS_INTROSPECTED )
2021-05-24 11:55:41.602 START: workQueue.size: 0, waited for: 360ms, org.apache.isis.applib.fixturescripts.ExecutionParametersService: #introspectUpTo( TYPE_AND_MEMBERS_INTROSPECTED )
2021-05-24 11:55:41.602 END: completed in: 16ms, org.apache.isis.applib.services.config.ConfigurationServiceMenu: #introspectUpTo( TYPE_AND_MEMBERS_INTROSPECTED )
2021-05-24 11:55:41.602 START: workQueue.size: 0, waited for: 360ms, org.apache.isis.applib.services.actinvoc.ActionInvocationContext: #introspectUpTo( TYPE_AND_MEMBERS_INTROSPECTED )
2021-05-24 11:55:41.602 END: completed in: 0ms, org.apache.isis.applib.fixturescripts.ExecutionParametersService: #introspectUpTo( TYPE_AND_MEMBERS_INTROSPECTED )
2021-05-24 11:55:41.602 START: workQueue.size: 0, waited for: 360ms, org.apache.isis.applib.services.audit.AuditerServiceLogging: #introspectUpTo( TYPE_AND_MEMBERS_INTROSPECTED )
2021-05-24 11:55:41.602 END: completed in: 0ms, org.apache.isis.applib.services.audit.AuditerServiceLogging: #introspectUpTo( TYPE_AND_MEMBERS_INTROSPECTED )
2021-05-24 11:55:41.602 END: completed in: 0ms, domainapp.application.services.homepage.HomePageService: #introspectUpTo( TYPE_AND_MEMBERS_INTROSPECTED )
2021-05-24 11:55:41.602 END: completed in: 0ms, org.apache.isis.applib.services.actinvoc.ActionInvocationContext: #introspectUpTo( TYPE_AND_MEMBERS_INTROSPECTED )
2021-05-24 11:55:41.602 START: workQueue.size: 0, waited for: 360ms, org.apache.isis.applib.services.clock.ClockService: #introspectUpTo( TYPE_AND_MEMBERS_INTROSPECTED )
2021-05-24 11:55:41.602 START: workQueue.size: 0, waited for: 360ms, org.apache.isis.applib.services.classdiscovery.ClassDiscoveryServiceUsingReflections: #introspectUpTo( TYPE_AND_MEMBERS_INTROSPECTED )
2021-05-24 11:55:41.602 START: workQueue.size: 0, waited for: 360ms, org.apache.isis.applib.services.command.CommandContext: #introspectUpTo( TYPE_AND_MEMBERS_INTROSPECTED )
2021-05-24 11:55:41.602 END: completed in: 0ms, org.apache.isis.applib.services.classdiscovery.ClassDiscoveryServiceUsingReflections: #introspectUpTo( TYPE_AND_MEMBERS_INTROSPECTED )
2021-05-24 11:55:41.602 END: completed in: 0ms, org.apache.isis.applib.services.command.CommandContext: #introspectUpTo( TYPE_AND_MEMBERS_INTROSPECTED )
2021-05-24 11:55:41.602 END: completed in: 0ms, org.apache.isis.applib.services.clock.ClockService: #introspectUpTo( TYPE_AND_MEMBERS_INTROSPECTED )
2021-05-24 11:55:41.602 START: workQueue.size: 0, waited for: 360ms, org.apache.isis.applib.services.publish.PublisherServiceLogging: #introspectUpTo( TYPE_AND_MEMBERS_INTROSPECTED )
2021-05-24 11:55:41.602 START: workQueue.size: 0, waited for: 360ms, org.apache.isis.applib.services.iactn.InteractionContext: #introspectUpTo( TYPE_AND_MEMBERS_INTROSPECTED )
2021-05-24 11:55:41.602 START: workQueue.size: 0, waited for: 360ms, org.apache.isis.applib.services.queryresultscache.QueryResultsCache: #introspectUpTo( TYPE_AND_MEMBERS_INTROSPECTED )
2021-05-24 11:55:41.602 END: completed in: 0ms, org.apache.isis.applib.services.publish.PublisherServiceLogging: #introspectUpTo( TYPE_AND_MEMBERS_INTROSPECTED )
2021-05-24 11:55:41.602 END: completed in: 0ms, org.apache.isis.applib.services.iactn.InteractionContext: #introspectUpTo( TYPE_AND_MEMBERS_INTROSPECTED )
2021-05-24 11:55:41.602 START: workQueue.size: 0, waited for: 360ms, org.apache.isis.applib.services.routing.RoutingServiceDefault: #introspectUpTo( TYPE_AND_MEMBERS_INTROSPECTED )
2021-05-24 11:55:41.602 END: completed in: 0ms, org.apache.isis.applib.services.queryresultscache.QueryResultsCache: #introspectUpTo( TYPE_AND_MEMBERS_INTROSPECTED )
2021-05-24 11:55:41.602 START: workQueue.size: 0, waited for: 360ms, org.apache.isis.applib.services.scratchpad.Scratchpad: #introspectUpTo( TYPE_AND_MEMBERS_INTROSPECTED )
2021-05-24 11:55:41.602 START: workQueue.size: 0, waited for: 360ms, org.apache.isis.applib.services.tablecol.TableColumnOrderService$Default: #introspectUpTo( TYPE_AND_MEMBERS_INTROSPECTED )
2021-05-24 11:55:41.602 END: completed in: 0ms, org.apache.isis.applib.services.scratchpad.Scratchpad: #introspectUpTo( TYPE_AND_MEMBERS_INTROSPECTED )
2021-05-24 11:55:41.602 END: completed in: 0ms, org.apache.isis.applib.services.routing.RoutingServiceDefault: #introspectUpTo( TYPE_AND_MEMBERS_INTROSPECTED )
2021-05-24 11:55:41.602 END: completed in: 0ms, org.apache.isis.applib.services.tablecol.TableColumnOrderService$Default: #introspectUpTo( TYPE_AND_MEMBERS_INTROSPECTED )
2021-05-24 11:55:41.602 START: workQueue.size: 0, waited for: 360ms, org.apache.isis.applib.services.urlencoding.UrlEncodingServiceUsingBaseEncoding: #introspectUpTo( TYPE_AND_MEMBERS_INTROSPECTED )
2021-05-24 11:55:41.602 START: workQueue.size: 0, waited for: 360ms, org.apache.isis.core.metamodel.services.appfeat.ApplicationFeatureFactory: #introspectUpTo( TYPE_AND_MEMBERS_INTROSPECTED )
2021-05-24 11:55:41.602 START: workQueue.size: 0, waited for: 360ms, org.apache.isis.core.metamodel.services.appfeat.ApplicationFeatureRepositoryDefault: #introspectUpTo( TYPE_AND_MEMBERS_INTROSPECTED )
2021-05-24 11:55:41.602 END: completed in: 0ms, org.apache.isis.applib.services.urlencoding.UrlEncodingServiceUsingBaseEncoding: #introspectUpTo( TYPE_AND_MEMBERS_INTROSPECTED )
2021-05-24 11:55:41.602 START: workQueue.size: 0, waited for: 360ms, org.apache.isis.core.metamodel.services.bookmarks.BookmarkServiceInternalDefault: #introspectUpTo( TYPE_AND_MEMBERS_INTROSPECTED )
2021-05-24 11:55:41.602 END: completed in: 0ms, org.apache.isis.core.metamodel.services.appfeat.ApplicationFeatureFactory: #introspectUpTo( TYPE_AND_MEMBERS_INTROSPECTED )
2021-05-24 11:55:41.602 END: completed in: 0ms, org.apache.isis.core.metamodel.services.appfeat.ApplicationFeatureRepositoryDefault: #introspectUpTo( TYPE_AND_MEMBERS_INTROSPECTED )
2021-05-24 11:55:41.602 START: workQueue.size: 0, waited for: 360ms, org.apache.isis.core.metamodel.services.container.DomainObjectContainerDefault: #introspectUpTo( TYPE_AND_MEMBERS_INTROSPECTED )
2021-05-24 11:55:41.602 END: completed in: 0ms, org.apache.isis.core.metamodel.services.container.DomainObjectContainerDefault: #introspectUpTo( TYPE_AND_MEMBERS_INTROSPECTED )
2021-05-24 11:55:41.602 START: workQueue.size: 0, waited for: 360ms, org.apache.isis.core.metamodel.services.config.ConfigurationServiceDefault: #introspectUpTo( TYPE_AND_MEMBERS_INTROSPECTED )
2021-05-24 11:55:41.602 END: completed in: 0ms, org.apache.isis.core.metamodel.services.bookmarks.BookmarkServiceInternalDefault: #introspectUpTo( TYPE_AND_MEMBERS_INTROSPECTED )
2021-05-24 11:55:41.602 START: workQueue.size: 0, waited for: 360ms, org.apache.isis.core.metamodel.services.factory.FactoryServiceInternalDefault: #introspectUpTo( TYPE_AND_MEMBERS_INTROSPECTED )
2021-05-24 11:55:41.602 START: workQueue.size: 0, waited for: 360ms, org.apache.isis.core.metamodel.services.grid.GridLoaderServiceDefault: #introspectUpTo( TYPE_AND_MEMBERS_INTROSPECTED )
2021-05-24 11:55:41.602 END: completed in: 0ms, org.apache.isis.core.metamodel.services.config.ConfigurationServiceDefault: #introspectUpTo( TYPE_AND_MEMBERS_INTROSPECTED )
2021-05-24 11:55:41.602 END: completed in: 0ms, org.apache.isis.core.metamodel.services.factory.FactoryServiceInternalDefault: #introspectUpTo( TYPE_AND_MEMBERS_INTROSPECTED )
2021-05-24 11:55:41.602 END: completed in: 0ms, org.apache.isis.core.metamodel.services.grid.GridLoaderServiceDefault: #introspectUpTo( TYPE_AND_MEMBERS_INTROSPECTED )
2021-05-24 11:55:41.602 START: workQueue.size: 0, waited for: 360ms, org.apache.isis.core.metamodel.services.grid.GridServiceDefault: #introspectUpTo( TYPE_AND_MEMBERS_INTROSPECTED )
2021-05-24 11:55:41.602 START: workQueue.size: 0, waited for: 360ms, org.apache.isis.core.metamodel.services.layout.LayoutServiceDefault: #introspectUpTo( TYPE_AND_MEMBERS_INTROSPECTED )
2021-05-24 11:55:41.602 START: workQueue.size: 0, waited for: 360ms, org.apache.isis.core.metamodel.services.grid.bootstrap3.GridSystemServiceBS3: #introspectUpTo( TYPE_AND_MEMBERS_INTROSPECTED )
2021-05-24 11:55:41.602 END: completed in: 0ms, org.apache.isis.core.metamodel.services.layout.LayoutServiceDefault: #introspectUpTo( TYPE_AND_MEMBERS_INTROSPECTED )
2021-05-24 11:55:41.602 END: completed in: 0ms, org.apache.isis.core.metamodel.services.grid.bootstrap3.GridSystemServiceBS3: #introspectUpTo( TYPE_AND_MEMBERS_INTROSPECTED )
2021-05-24 11:55:41.602 END: completed in: 0ms, org.apache.isis.core.metamodel.services.grid.GridServiceDefault: #introspectUpTo( TYPE_AND_MEMBERS_INTROSPECTED )
2021-05-24 11:55:41.602 START: workQueue.size: 0, waited for: 360ms, org.apache.isis.core.metamodel.services.metamodel.MetaModelServiceDefault: #introspectUpTo( TYPE_AND_MEMBERS_INTROSPECTED )
2021-05-24 11:55:41.602 START: workQueue.size: 0, waited for: 360ms, org.apache.isis.core.metamodel.services.message.MessageServiceNoop: #introspectUpTo( TYPE_AND_MEMBERS_INTROSPECTED )
2021-05-24 11:55:41.602 START: workQueue.size: 0, waited for: 360ms, org.apache.isis.core.metamodel.services.persistsession.PersistenceSessionServiceInternalNoop: #introspectUpTo( TYPE_AND_MEMBERS_INTROSPECTED )
2021-05-24 11:55:41.602 END: completed in: 0ms, org.apache.isis.core.metamodel.services.metamodel.MetaModelServiceDefault: #introspectUpTo( TYPE_AND_MEMBERS_INTROSPECTED )
2021-05-24 11:55:41.602 END: completed in: 0ms, org.apache.isis.core.metamodel.services.persistsession.PersistenceSessionServiceInternalNoop: #introspectUpTo( TYPE_AND_MEMBERS_INTROSPECTED )
2021-05-24 11:55:41.602 END: completed in: 0ms, org.apache.isis.core.metamodel.services.message.MessageServiceNoop: #introspectUpTo( TYPE_AND_MEMBERS_INTROSPECTED )
2021-05-24 11:55:41.602 START: workQueue.size: 0, waited for: 360ms, org.apache.isis.core.metamodel.services.repository.RepositoryServiceInternalDefault: #introspectUpTo( TYPE_AND_MEMBERS_INTROSPECTED )
2021-05-24 11:55:41.602 START: workQueue.size: 0, waited for: 360ms, org.apache.isis.core.metamodel.services.registry.ServiceRegistryDefault: #introspectUpTo( TYPE_AND_MEMBERS_INTROSPECTED )
2021-05-24 11:55:41.602 START: workQueue.size: 0, waited for: 360ms, org.apache.isis.core.metamodel.services.swagger.SwaggerServiceDefault: #introspectUpTo( TYPE_AND_MEMBERS_INTROSPECTED )
2021-05-24 11:55:41.602 END: completed in: 0ms, org.apache.isis.core.metamodel.services.registry.ServiceRegistryDefault: #introspectUpTo( TYPE_AND_MEMBERS_INTROSPECTED )
2021-05-24 11:55:41.602 END: completed in: 0ms, org.apache.isis.core.metamodel.services.repository.RepositoryServiceInternalDefault: #introspectUpTo( TYPE_AND_MEMBERS_INTROSPECTED )
2021-05-24 11:55:41.617 START: workQueue.size: 0, waited for: 375ms, org.apache.isis.core.metamodel.services.title.TitleServiceDefault: #introspectUpTo( TYPE_AND_MEMBERS_INTROSPECTED )
2021-05-24 11:55:41.617 START: workQueue.size: 0, waited for: 375ms, org.apache.isis.core.metamodel.services.user.UserServiceDefault: #introspectUpTo( TYPE_AND_MEMBERS_INTROSPECTED )
2021-05-24 11:55:41.617 END: completed in: 15ms, org.apache.isis.core.metamodel.services.swagger.SwaggerServiceDefault: #introspectUpTo( TYPE_AND_MEMBERS_INTROSPECTED )
2021-05-24 11:55:41.617 END: completed in: 0ms, org.apache.isis.core.metamodel.services.title.TitleServiceDefault: #introspectUpTo( TYPE_AND_MEMBERS_INTROSPECTED )
2021-05-24 11:55:41.617 START: workQueue.size: 0, waited for: 375ms, org.apache.isis.core.metamodel.services.user.UserServiceDefault$SudoServiceSpi: #introspectUpTo( TYPE_AND_MEMBERS_INTROSPECTED )
2021-05-24 11:55:41.617 START: workQueue.size: 0, waited for: 375ms, org.apache.isis.core.metamodel.services.xactn.TransactionServiceDefault: #introspectUpTo( TYPE_AND_MEMBERS_INTROSPECTED )
2021-05-24 11:55:41.617 END: completed in: 0ms, org.apache.isis.core.metamodel.services.xactn.TransactionServiceDefault: #introspectUpTo( TYPE_AND_MEMBERS_INTROSPECTED )
2021-05-24 11:55:41.617 END: completed in: 0ms, org.apache.isis.core.metamodel.services.user.UserServiceDefault$SudoServiceSpi: #introspectUpTo( TYPE_AND_MEMBERS_INTROSPECTED )
2021-05-24 11:55:41.617 START: workQueue.size: 0, waited for: 375ms, org.apache.isis.core.runtime.services.auditing.AuditingServiceInternal: #introspectUpTo( TYPE_AND_MEMBERS_INTROSPECTED )
2021-05-24 11:55:41.617 START: workQueue.size: 0, waited for: 375ms, org.apache.isis.core.runtime.services.authsess.AuthenticationSessionProviderDefault: #introspectUpTo( TYPE_AND_MEMBERS_INTROSPECTED )
2021-05-24 11:55:41.617 END: completed in: 0ms, org.apache.isis.core.runtime.services.auditing.AuditingServiceInternal: #introspectUpTo( TYPE_AND_MEMBERS_INTROSPECTED )
2021-05-24 11:55:41.617 END: completed in: 0ms, org.apache.isis.core.runtime.services.authsess.AuthenticationSessionProviderDefault: #introspectUpTo( TYPE_AND_MEMBERS_INTROSPECTED )
2021-05-24 11:55:41.617 START: workQueue.size: 0, waited for: 375ms, org.apache.isis.core.runtime.services.background.BackgroundServiceDefault: #introspectUpTo( TYPE_AND_MEMBERS_INTROSPECTED )
2021-05-24 11:55:41.617 START: workQueue.size: 0, waited for: 375ms, org.apache.isis.core.runtime.services.changes.ChangedObjectsServiceInternal: #introspectUpTo( TYPE_AND_MEMBERS_INTROSPECTED )
2021-05-24 11:55:41.617 END: completed in: 0ms, org.apache.isis.core.runtime.services.background.BackgroundServiceDefault: #introspectUpTo( TYPE_AND_MEMBERS_INTROSPECTED )
2021-05-24 11:55:41.617 END: completed in: 0ms, org.apache.isis.core.runtime.services.changes.ChangedObjectsServiceInternal: #introspectUpTo( TYPE_AND_MEMBERS_INTROSPECTED )
2021-05-24 11:55:41.617 START: workQueue.size: 0, waited for: 375ms, org.apache.isis.core.runtime.services.command.CommandDtoServiceInternalDefault: #introspectUpTo( TYPE_AND_MEMBERS_INTROSPECTED )
2021-05-24 11:55:41.617 START: workQueue.size: 0, waited for: 375ms, org.apache.isis.core.runtime.services.command.CommandServiceDefault: #introspectUpTo( TYPE_AND_MEMBERS_INTROSPECTED )
2021-05-24 11:55:41.617 END: completed in: 0ms, org.apache.isis.core.runtime.services.command.CommandDtoServiceInternalDefault: #introspectUpTo( TYPE_AND_MEMBERS_INTROSPECTED )
2021-05-24 11:55:41.617 END: completed in: 0ms, org.apache.isis.core.runtime.services.command.CommandServiceDefault: #introspectUpTo( TYPE_AND_MEMBERS_INTROSPECTED )
2021-05-24 11:55:41.617 START: workQueue.size: 0, waited for: 375ms, org.apache.isis.core.runtime.services.email.EmailServiceDefault: #introspectUpTo( TYPE_AND_MEMBERS_INTROSPECTED )
2021-05-24 11:55:41.617 START: workQueue.size: 0, waited for: 375ms, org.apache.isis.core.runtime.services.homepage.HomePageProviderServiceDefault: #introspectUpTo( TYPE_AND_MEMBERS_INTROSPECTED )
2021-05-24 11:55:41.617 END: completed in: 0ms, org.apache.isis.core.runtime.services.email.EmailServiceDefault: #introspectUpTo( TYPE_AND_MEMBERS_INTROSPECTED )
2021-05-24 11:55:41.617 END: completed in: 0ms, org.apache.isis.core.runtime.services.homepage.HomePageProviderServiceDefault: #introspectUpTo( TYPE_AND_MEMBERS_INTROSPECTED )
2021-05-24 11:55:41.617 START: workQueue.size: 0, waited for: 375ms, org.apache.isis.core.runtime.services.i18n.po.TranslationServicePo: #introspectUpTo( TYPE_AND_MEMBERS_INTROSPECTED )
2021-05-24 11:55:41.617 END: completed in: 0ms, org.apache.isis.core.metamodel.services.user.UserServiceDefault: #introspectUpTo( TYPE_AND_MEMBERS_INTROSPECTED )
2021-05-24 11:55:41.617 START: workQueue.size: 0, waited for: 375ms, org.apache.isis.core.runtime.services.memento.MementoServiceDefault: #introspectUpTo( TYPE_AND_MEMBERS_INTROSPECTED )
2021-05-24 11:55:41.617 END: completed in: 0ms, org.apache.isis.core.runtime.services.i18n.po.TranslationServicePo: #introspectUpTo( TYPE_AND_MEMBERS_INTROSPECTED )
2021-05-24 11:55:41.617 START: workQueue.size: 0, waited for: 375ms, org.apache.isis.core.runtime.services.metrics.MetricsServiceDefault: #introspectUpTo( TYPE_AND_MEMBERS_INTROSPECTED )
2021-05-24 11:55:41.617 END: completed in: 0ms, org.apache.isis.core.runtime.services.memento.MementoServiceDefault: #introspectUpTo( TYPE_AND_MEMBERS_INTROSPECTED )
2021-05-24 11:55:41.617 START: workQueue.size: 0, waited for: 375ms, org.apache.isis.core.runtime.services.publish.PublishingServiceInternalDefault: #introspectUpTo( TYPE_AND_MEMBERS_INTROSPECTED )
2021-05-24 11:55:41.617 START: workQueue.size: 0, waited for: 375ms, org.apache.isis.core.runtime.services.ixn.InteractionDtoServiceInternalDefault: #introspectUpTo( TYPE_AND_MEMBERS_INTROSPECTED )
2021-05-24 11:55:41.617 END: completed in: 0ms, org.apache.isis.core.runtime.services.publish.PublishingServiceInternalDefault: #introspectUpTo( TYPE_AND_MEMBERS_INTROSPECTED )
2021-05-24 11:55:41.617 END: completed in: 0ms, org.apache.isis.core.runtime.services.ixn.InteractionDtoServiceInternalDefault: #introspectUpTo( TYPE_AND_MEMBERS_INTROSPECTED )
2021-05-24 11:55:41.617 START: workQueue.size: 0, waited for: 375ms, org.apache.isis.core.runtime.services.sessmgmt.SessionManagementServiceDefault: #introspectUpTo( TYPE_AND_MEMBERS_INTROSPECTED )
2021-05-24 11:55:41.617 END: completed in: 0ms, org.apache.isis.core.runtime.services.metrics.MetricsServiceDefault: #introspectUpTo( TYPE_AND_MEMBERS_INTROSPECTED )
2021-05-24 11:55:41.617 START: workQueue.size: 0, waited for: 375ms, org.apache.isis.core.runtime.services.userreg.EmailNotificationServiceDefault: #introspectUpTo( TYPE_AND_MEMBERS_INTROSPECTED )
2021-05-24 11:55:41.617 END: completed in: 0ms, org.apache.isis.core.runtime.services.sessmgmt.SessionManagementServiceDefault: #introspectUpTo( TYPE_AND_MEMBERS_INTROSPECTED )
2021-05-24 11:55:41.617 END: completed in: 0ms, org.apache.isis.core.runtime.services.userreg.EmailNotificationServiceDefault: #introspectUpTo( TYPE_AND_MEMBERS_INTROSPECTED )
2021-05-24 11:55:41.617 START: workQueue.size: 0, waited for: 375ms, org.apache.isis.core.runtime.services.sudo.SudoServiceDefault: #introspectUpTo( TYPE_AND_MEMBERS_INTROSPECTED )
2021-05-24 11:55:41.617 START: workQueue.size: 0, waited for: 375ms, org.apache.isis.core.wrapper.WrapperFactoryDefault: #introspectUpTo( TYPE_AND_MEMBERS_INTROSPECTED )
2021-05-24 11:55:41.617 END: completed in: 0ms, org.apache.isis.core.wrapper.WrapperFactoryDefault: #introspectUpTo( TYPE_AND_MEMBERS_INTROSPECTED )
2021-05-24 11:55:41.617 START: workQueue.size: 0, waited for: 375ms, org.apache.isis.objectstore.jdo.applib.service.exceprecog.ExceptionRecognizerCompositeForJdoObjectStore: #introspectUpTo( TYPE_AND_MEMBERS_INTROSPECTED )
2021-05-24 11:55:41.617 END: completed in: 0ms, org.apache.isis.objectstore.jdo.applib.service.exceprecog.ExceptionRecognizerCompositeForJdoObjectStore: #introspectUpTo( TYPE_AND_MEMBERS_INTROSPECTED )
2021-05-24 11:55:41.617 START: workQueue.size: 0, waited for: 375ms, org.apache.isis.objectstore.jdo.datanucleus.service.support.IsisJdoSupportImpl: #introspectUpTo( TYPE_AND_MEMBERS_INTROSPECTED )
2021-05-24 11:55:41.617 END: completed in: 0ms, org.apache.isis.objectstore.jdo.datanucleus.service.support.IsisJdoSupportImpl: #introspectUpTo( TYPE_AND_MEMBERS_INTROSPECTED )
2021-05-24 11:55:41.617 START: workQueue.size: 0, waited for: 375ms, org.apache.isis.objectstore.jdo.datanucleus.service.support.TimestampService: #introspectUpTo( TYPE_AND_MEMBERS_INTROSPECTED )
2021-05-24 11:55:41.617 END: completed in: 0ms, org.apache.isis.objectstore.jdo.datanucleus.service.support.TimestampService: #introspectUpTo( TYPE_AND_MEMBERS_INTROSPECTED )
2021-05-24 11:55:41.617 START: workQueue.size: 0, waited for: 375ms, org.apache.isis.schema.services.jaxb.JaxbServiceDefault: #introspectUpTo( TYPE_AND_MEMBERS_INTROSPECTED )
2021-05-24 11:55:41.617 END: completed in: 0ms, org.apache.isis.schema.services.jaxb.JaxbServiceDefault: #introspectUpTo( TYPE_AND_MEMBERS_INTROSPECTED )
2021-05-24 11:55:41.617 START: workQueue.size: 0, waited for: 375ms, org.apache.isis.viewer.restfulobjects.rendering.service.RepresentationServiceContentNegotiator: #introspectUpTo( TYPE_AND_MEMBERS_INTROSPECTED )
2021-05-24 11:55:41.617 END: completed in: 0ms, org.apache.isis.viewer.restfulobjects.rendering.service.RepresentationServiceContentNegotiator: #introspectUpTo( TYPE_AND_MEMBERS_INTROSPECTED )
2021-05-24 11:55:41.617 START: workQueue.size: 0, waited for: 375ms, org.apache.isis.viewer.restfulobjects.rendering.service.RepresentationServiceForRestfulObjects: #introspectUpTo( TYPE_AND_MEMBERS_INTROSPECTED )
2021-05-24 11:55:41.617 END: completed in: 0ms, org.apache.isis.viewer.restfulobjects.rendering.service.RepresentationServiceForRestfulObjects: #introspectUpTo( TYPE_AND_MEMBERS_INTROSPECTED )
2021-05-24 11:55:41.617 START: workQueue.size: 0, waited for: 375ms, org.apache.isis.viewer.restfulobjects.rendering.service.acceptheader.AcceptHeaderServiceForRest: #introspectUpTo( TYPE_AND_MEMBERS_INTROSPECTED )
2021-05-24 11:55:41.617 END: completed in: 0ms, org.apache.isis.viewer.restfulobjects.rendering.service.acceptheader.AcceptHeaderServiceForRest: #introspectUpTo( TYPE_AND_MEMBERS_INTROSPECTED )
2021-05-24 11:55:41.617 START: workQueue.size: 0, waited for: 375ms, org.apache.isis.viewer.restfulobjects.rendering.service.conneg.ContentNegotiationServiceForRestfulObjectsV1_0: #introspectUpTo( TYPE_AND_MEMBERS_INTROSPECTED )
2021-05-24 11:55:41.617 END: completed in: 0ms, org.apache.isis.viewer.restfulobjects.rendering.service.conneg.ContentNegotiationServiceForRestfulObjectsV1_0: #introspectUpTo( TYPE_AND_MEMBERS_INTROSPECTED )
2021-05-24 11:55:41.617 START: workQueue.size: 0, waited for: 375ms, org.apache.isis.core.runtime.services.xmlsnapshot.XmlSnapshotServiceDefault: #introspectUpTo( TYPE_AND_MEMBERS_INTROSPECTED )
2021-05-24 11:55:41.617 END: completed in: 0ms, org.apache.isis.core.runtime.services.xmlsnapshot.XmlSnapshotServiceDefault: #introspectUpTo( TYPE_AND_MEMBERS_INTROSPECTED )
2021-05-24 11:55:41.617 START: workQueue.size: 0, waited for: 375ms, org.apache.isis.viewer.wicket.viewer.services.DeepLinkServiceWicket: #introspectUpTo( TYPE_AND_MEMBERS_INTROSPECTED )
2021-05-24 11:55:41.617 END: completed in: 0ms, org.apache.isis.viewer.wicket.viewer.services.DeepLinkServiceWicket: #introspectUpTo( TYPE_AND_MEMBERS_INTROSPECTED )
2021-05-24 11:55:41.617 END: completed in: 31ms, org.apache.isis.applib.services.hsqldb.HsqlDbManagerMenu: #introspectUpTo( TYPE_AND_MEMBERS_INTROSPECTED )
2021-05-24 11:55:41.617 START: workQueue.size: 0, waited for: 375ms, org.apache.isis.viewer.wicket.viewer.services.BookmarkUiServiceWicket: #introspectUpTo( TYPE_AND_MEMBERS_INTROSPECTED )
2021-05-24 11:55:41.617 END: completed in: 0ms, org.apache.isis.viewer.wicket.viewer.services.BookmarkUiServiceWicket: #introspectUpTo( TYPE_AND_MEMBERS_INTROSPECTED )
2021-05-24 11:55:41.617 START: workQueue.size: 0, waited for: 375ms, org.apache.isis.viewer.wicket.viewer.services.LocaleProviderWicket: #introspectUpTo( TYPE_AND_MEMBERS_INTROSPECTED )
2021-05-24 11:55:41.617 END: completed in: 0ms, org.apache.isis.viewer.wicket.viewer.services.LocaleProviderWicket: #introspectUpTo( TYPE_AND_MEMBERS_INTROSPECTED )
2021-05-24 11:55:41.617 START: workQueue.size: 0, waited for: 375ms, org.apache.isis.viewer.wicket.viewer.services.TranslationsResolverWicket: #introspectUpTo( TYPE_AND_MEMBERS_INTROSPECTED )
2021-05-24 11:55:41.617 END: completed in: 0ms, org.apache.isis.viewer.wicket.viewer.services.TranslationsResolverWicket: #introspectUpTo( TYPE_AND_MEMBERS_INTROSPECTED )
2021-05-24 11:55:41.617 END: completed in: 0ms, org.apache.isis.core.runtime.services.sudo.SudoServiceDefault: #introspectUpTo( TYPE_AND_MEMBERS_INTROSPECTED )
2021-05-24 11:55:41.617 START: workQueue.size: 0, waited for: 375ms, org.apache.isis.viewer.wicket.viewer.services.HintStoreUsingWicketSession: #introspectUpTo( TYPE_AND_MEMBERS_INTROSPECTED )
2021-05-24 11:55:41.617 END: completed in: 0ms, org.apache.isis.viewer.wicket.viewer.services.HintStoreUsingWicketSession: #introspectUpTo( TYPE_AND_MEMBERS_INTROSPECTED )
2021-05-24 11:55:41.617 START: workQueue.size: 0, waited for: 375ms, org.apache.isis.viewer.wicket.viewer.services.GuiceBeanProviderWicket: #introspectUpTo( TYPE_AND_MEMBERS_INTROSPECTED )
2021-05-24 11:55:41.617 END: completed in: 0ms, org.apache.isis.viewer.wicket.viewer.services.GuiceBeanProviderWicket: #introspectUpTo( TYPE_AND_MEMBERS_INTROSPECTED )
2021-05-24 11:55:41.617 END: completed in: 31ms, org.apache.isis.core.runtime.services.i18n.po.TranslationServicePoMenu: #introspectUpTo( TYPE_AND_MEMBERS_INTROSPECTED )
2021-05-24 11:55:41.617 END: completed in: 31ms, org.apache.isis.applib.services.swagger.SwaggerServiceMenu: #introspectUpTo( TYPE_AND_MEMBERS_INTROSPECTED )
2021-05-24 11:55:41.617 join'ing 100 tasks: waited 0 milliseconds 
2021-05-24 11:55:41.633 START: workQueue.size: 0, waited for: 16ms, org.apache.isis.applib.services.bookmark.BookmarkHolder_object: #introspectUpTo( TYPE_AND_MEMBERS_INTROSPECTED )
2021-05-24 11:55:41.633 START: workQueue.size: 0, waited for: 16ms, org.apache.isis.viewer.wicket.viewer.services.Object_clearHints: #introspectUpTo( TYPE_AND_MEMBERS_INTROSPECTED )
2021-05-24 11:55:41.633 START: workQueue.size: 0, waited for: 16ms, org.apache.isis.applib.services.layout.Object_openRestApi: #introspectUpTo( TYPE_AND_MEMBERS_INTROSPECTED )
2021-05-24 11:55:41.633 START: workQueue.size: 0, waited for: 16ms, org.apache.isis.core.metamodel.services.jdosupport.Persistable_datanucleusIdLong: #introspectUpTo( TYPE_AND_MEMBERS_INTROSPECTED )
2021-05-24 11:55:41.633 START: workQueue.size: 0, waited for: 16ms, org.apache.isis.core.metamodel.services.jdosupport.Persistable_downloadJdoMetadata: #introspectUpTo( TYPE_AND_MEMBERS_INTROSPECTED )
2021-05-24 11:55:41.633 START: workQueue.size: 0, waited for: 16ms, org.apache.isis.applib.services.layout.Object_downloadLayoutXml: #introspectUpTo( TYPE_AND_MEMBERS_INTROSPECTED )
2021-05-24 11:55:41.664 END: completed in: 31ms, org.apache.isis.applib.services.bookmark.BookmarkHolder_object: #introspectUpTo( TYPE_AND_MEMBERS_INTROSPECTED )
2021-05-24 11:55:41.664 START: workQueue.size: 0, waited for: 47ms, org.apache.isis.applib.services.dto.Dto_downloadXsd: #introspectUpTo( TYPE_AND_MEMBERS_INTROSPECTED )
2021-05-24 11:55:41.664 END: completed in: 31ms, org.apache.isis.core.metamodel.services.jdosupport.Persistable_downloadJdoMetadata: #introspectUpTo( TYPE_AND_MEMBERS_INTROSPECTED )
2021-05-24 11:55:41.664 START: workQueue.size: 0, waited for: 47ms, org.apache.isis.core.metamodel.services.jdosupport.Persistable_datanucleusVersionTimestamp: #introspectUpTo( TYPE_AND_MEMBERS_INTROSPECTED )
2021-05-24 11:55:41.664 END: completed in: 31ms, org.apache.isis.applib.services.layout.Object_downloadLayoutXml: #introspectUpTo( TYPE_AND_MEMBERS_INTROSPECTED )
2021-05-24 11:55:41.664 START: workQueue.size: 0, waited for: 47ms, org.apache.isis.applib.services.layout.Object_rebuildMetamodel: #introspectUpTo( TYPE_AND_MEMBERS_INTROSPECTED )
2021-05-24 11:55:41.664 END: completed in: 31ms, org.apache.isis.viewer.wicket.viewer.services.Object_clearHints: #introspectUpTo( TYPE_AND_MEMBERS_INTROSPECTED )
2021-05-24 11:55:41.664 END: completed in: 0ms, org.apache.isis.applib.services.layout.Object_rebuildMetamodel: #introspectUpTo( TYPE_AND_MEMBERS_INTROSPECTED )
2021-05-24 11:55:41.664 END: completed in: 31ms, org.apache.isis.applib.services.layout.Object_openRestApi: #introspectUpTo( TYPE_AND_MEMBERS_INTROSPECTED )
2021-05-24 11:55:41.664 START: workQueue.size: 0, waited for: 47ms, org.apache.isis.applib.services.bookmark.BookmarkHolder_lookup: #introspectUpTo( TYPE_AND_MEMBERS_INTROSPECTED )
2021-05-24 11:55:41.664 START: workQueue.size: 0, waited for: 47ms, org.apache.isis.applib.services.dto.Dto_downloadXml: #introspectUpTo( TYPE_AND_MEMBERS_INTROSPECTED )
2021-05-24 11:55:41.680 END: completed in: 16ms, org.apache.isis.applib.services.bookmark.BookmarkHolder_lookup: #introspectUpTo( TYPE_AND_MEMBERS_INTROSPECTED )
2021-05-24 11:55:41.680 END: completed in: 16ms, org.apache.isis.applib.services.dto.Dto_downloadXml: #introspectUpTo( TYPE_AND_MEMBERS_INTROSPECTED )
2021-05-24 11:55:41.664 START: workQueue.size: 0, waited for: 47ms, org.apache.isis.core.metamodel.services.jdosupport.Persistable_datanucleusVersionLong: #introspectUpTo( TYPE_AND_MEMBERS_INTROSPECTED )
2021-05-24 11:55:41.680 END: completed in: 16ms, org.apache.isis.core.metamodel.services.jdosupport.Persistable_datanucleusVersionTimestamp: #introspectUpTo( TYPE_AND_MEMBERS_INTROSPECTED )
2021-05-24 11:55:41.664 END: completed in: 31ms, org.apache.isis.core.metamodel.services.jdosupport.Persistable_datanucleusIdLong: #introspectUpTo( TYPE_AND_MEMBERS_INTROSPECTED )
2021-05-24 11:55:41.680 END: completed in: 16ms, org.apache.isis.core.metamodel.services.jdosupport.Persistable_datanucleusVersionLong: #introspectUpTo( TYPE_AND_MEMBERS_INTROSPECTED )
2021-05-24 11:55:41.680 END: completed in: 16ms, org.apache.isis.applib.services.dto.Dto_downloadXsd: #introspectUpTo( TYPE_AND_MEMBERS_INTROSPECTED )
2021-05-24 11:55:41.680 join'ing 12 tasks: waited 0 milliseconds 
2021-05-24 11:55:41.680 END: completed in: 1521ms, SpecificationLoader#init()
2021-05-24 11:55:44.466 END: completed in: 4307ms, persistenceSessionFactory#init(...)
2021-05-24 11:55:44.466 join'ing 5 tasks: waited 0 milliseconds 
2021-05-24 11:55:44.942 join'ing 3 tasks: waited 0 milliseconds 
